c:\libraries\3rdpartylibs\zlib-1.2.11\contrib\vstudio\vc15\x86\zlibdlldebug\vc141.pdb
c:\libraries\3rdpartylibs\zlib-1.2.11\contrib\vstudio\vc15\x86\zlibdlldebug\tmp\zutil.obj
c:\libraries\3rdpartylibs\zlib-1.2.11\contrib\vstudio\vc15\x86\zlibdlldebug\tmp\zip.obj
c:\libraries\3rdpartylibs\zlib-1.2.11\contrib\vstudio\vc15\x86\zlibdlldebug\tmp\unzip.obj
c:\libraries\3rdpartylibs\zlib-1.2.11\contrib\vstudio\vc15\x86\zlibdlldebug\tmp\uncompr.obj
c:\libraries\3rdpartylibs\zlib-1.2.11\contrib\vstudio\vc15\x86\zlibdlldebug\tmp\trees.obj
c:\libraries\3rdpartylibs\zlib-1.2.11\contrib\vstudio\vc15\x86\zlibdlldebug\tmp\iowin32.obj
c:\libraries\3rdpartylibs\zlib-1.2.11\contrib\vstudio\vc15\x86\zlibdlldebug\tmp\ioapi.obj
c:\libraries\3rdpartylibs\zlib-1.2.11\contrib\vstudio\vc15\x86\zlibdlldebug\tmp\inftrees.obj
c:\libraries\3rdpartylibs\zlib-1.2.11\contrib\vstudio\vc15\x86\zlibdlldebug\tmp\inflate.obj
c:\libraries\3rdpartylibs\zlib-1.2.11\contrib\vstudio\vc15\x86\zlibdlldebug\tmp\inffast.obj
c:\libraries\3rdpartylibs\zlib-1.2.11\contrib\vstudio\vc15\x86\zlibdlldebug\tmp\infback.obj
c:\libraries\3rdpartylibs\zlib-1.2.11\contrib\vstudio\vc15\x86\zlibdlldebug\tmp\gzwrite.obj
c:\libraries\3rdpartylibs\zlib-1.2.11\contrib\vstudio\vc15\x86\zlibdlldebug\tmp\gzread.obj
c:\libraries\3rdpartylibs\zlib-1.2.11\contrib\vstudio\vc15\x86\zlibdlldebug\tmp\gzlib.obj
c:\libraries\3rdpartylibs\zlib-1.2.11\contrib\vstudio\vc15\x86\zlibdlldebug\tmp\gzclose.obj
c:\libraries\3rdpartylibs\zlib-1.2.11\contrib\vstudio\vc15\x86\zlibdlldebug\tmp\deflate.obj
c:\libraries\3rdpartylibs\zlib-1.2.11\contrib\vstudio\vc15\x86\zlibdlldebug\tmp\crc32.obj
c:\libraries\3rdpartylibs\zlib-1.2.11\contrib\vstudio\vc15\x86\zlibdlldebug\tmp\compress.obj
c:\libraries\3rdpartylibs\zlib-1.2.11\contrib\vstudio\vc15\x86\zlibdlldebug\tmp\adler32.obj
c:\libraries\3rdpartylibs\zlib-1.2.11\contrib\vstudio\vc15\x86\zlibdlldebug\tmp\zlib.res
c:\libraries\3rdpartylibs\zlib-1.2.11\contrib\vstudio\vc15\x86\zlibdlldebug\tmp\zlibvc.tlog\cl.command.1.tlog
c:\libraries\3rdpartylibs\zlib-1.2.11\contrib\vstudio\vc15\x86\zlibdlldebug\tmp\zlibvc.tlog\cl.read.1.tlog
c:\libraries\3rdpartylibs\zlib-1.2.11\contrib\vstudio\vc15\x86\zlibdlldebug\tmp\zlibvc.tlog\cl.write.1.tlog
c:\libraries\3rdpartylibs\zlib-1.2.11\contrib\vstudio\vc15\x86\zlibdlldebug\tmp\zlibvc.tlog\link.command.1.tlog
c:\libraries\3rdpartylibs\zlib-1.2.11\contrib\vstudio\vc15\x86\zlibdlldebug\tmp\zlibvc.tlog\link.read.1.tlog
c:\libraries\3rdpartylibs\zlib-1.2.11\contrib\vstudio\vc15\x86\zlibdlldebug\tmp\zlibvc.tlog\link.write.1.tlog
c:\libraries\3rdpartylibs\zlib-1.2.11\contrib\vstudio\vc15\x86\zlibdlldebug\tmp\zlibvc.tlog\rc.command.1.tlog
c:\libraries\3rdpartylibs\zlib-1.2.11\contrib\vstudio\vc15\x86\zlibdlldebug\tmp\zlibvc.tlog\rc.read.1.tlog
c:\libraries\3rdpartylibs\zlib-1.2.11\contrib\vstudio\vc15\x86\zlibdlldebug\tmp\zlibvc.tlog\rc.write.1.tlog
