  Building Custom Rule C:/Libraries/3rdPartyLibs/tiff-4.0.9_64/libtiff/CMakeLists.txt
  CMake does not need to re-run because C:/Libraries/3rdPartyLibs/tiff-4.0.9_64/libtiff/CMakeFiles/generate.stamp is up-to-date.
  tif_aux.c
  tif_close.c
  tif_codec.c
C:\Libraries\3rdPartyLibs\tiff-4.0.9_64\libtiff\tif_codec.c(111): warning C4996: 'sprintf': This function or variable may be unsafe. Consider using sprintf_s instead. To disable deprecation, use _CRT_SECURE_NO_WARNINGS. See online help for details.
  C:\Program Files (x86)\Windows Kits\10\Include\10.0.16299.0\ucrt\stdio.h(1772): note: see declaration of 'sprintf'
  tif_color.c
  tif_compress.c
C:\Libraries\3rdPartyLibs\tiff-4.0.9_64\libtiff\tif_compress.c(211): warning C4996: 'strcpy': This function or variable may be unsafe. Consider using strcpy_s instead. To disable deprecation, use _CRT_SECURE_NO_WARNINGS. See online help for details.
  tif_dir.c
  tif_dirinfo.c
  tif_dirread.c
C:\Libraries\3rdPartyLibs\tiff-4.0.9_64\libtiff\tif_dirread.c(5554): warning C4996: 'getenv': This function or variable may be unsafe. Consider using _dupenv_s instead. To disable deprecation, use _CRT_SECURE_NO_WARNINGS. See online help for details.
  C:\Program Files (x86)\Windows Kits\10\Include\10.0.16299.0\ucrt\stdlib.h(1199): note: see declaration of 'getenv'
  tif_dirwrite.c
  tif_dumpmode.c
  tif_error.c
  tif_extension.c
C:\Libraries\3rdPartyLibs\tiff-4.0.9_64\libtiff\tif_extension.c(107): warning C4996: 'strcpy': This function or variable may be unsafe. Consider using strcpy_s instead. To disable deprecation, use _CRT_SECURE_NO_WARNINGS. See online help for details.
  tif_fax3.c
  tif_fax3sm.c
  tif_flush.c
  tif_getimage.c
C:\Libraries\3rdPartyLibs\tiff-4.0.9_64\libtiff\tif_getimage.c(83): warning C4996: 'sprintf': This function or variable may be unsafe. Consider using sprintf_s instead. To disable deprecation, use _CRT_SECURE_NO_WARNINGS. See online help for details.
  C:\Program Files (x86)\Windows Kits\10\Include\10.0.16299.0\ucrt\stdio.h(1772): note: see declaration of 'sprintf'
C:\Libraries\3rdPartyLibs\tiff-4.0.9_64\libtiff\tif_getimage.c(94): warning C4996: 'sprintf': This function or variable may be unsafe. Consider using sprintf_s instead. To disable deprecation, use _CRT_SECURE_NO_WARNINGS. See online help for details.
  C:\Program Files (x86)\Windows Kits\10\Include\10.0.16299.0\ucrt\stdio.h(1772): note: see declaration of 'sprintf'
C:\Libraries\3rdPartyLibs\tiff-4.0.9_64\libtiff\tif_getimage.c(99): warning C4996: 'sprintf': This function or variable may be unsafe. Consider using sprintf_s instead. To disable deprecation, use _CRT_SECURE_NO_WARNINGS. See online help for details.
  C:\Program Files (x86)\Windows Kits\10\Include\10.0.16299.0\ucrt\stdio.h(1772): note: see declaration of 'sprintf'
C:\Libraries\3rdPartyLibs\tiff-4.0.9_64\libtiff\tif_getimage.c(112): warning C4996: 'sprintf': This function or variable may be unsafe. Consider using sprintf_s instead. To disable deprecation, use _CRT_SECURE_NO_WARNINGS. See online help for details.
  C:\Program Files (x86)\Windows Kits\10\Include\10.0.16299.0\ucrt\stdio.h(1772): note: see declaration of 'sprintf'
C:\Libraries\3rdPartyLibs\tiff-4.0.9_64\libtiff\tif_getimage.c(123): warning C4996: 'sprintf': This function or variable may be unsafe. Consider using sprintf_s instead. To disable deprecation, use _CRT_SECURE_NO_WARNINGS. See online help for details.
  C:\Program Files (x86)\Windows Kits\10\Include\10.0.16299.0\ucrt\stdio.h(1772): note: see declaration of 'sprintf'
C:\Libraries\3rdPartyLibs\tiff-4.0.9_64\libtiff\tif_getimage.c(147): warning C4996: 'sprintf': This function or variable may be unsafe. Consider using sprintf_s instead. To disable deprecation, use _CRT_SECURE_NO_WARNINGS. See online help for details.
  C:\Program Files (x86)\Windows Kits\10\Include\10.0.16299.0\ucrt\stdio.h(1772): note: see declaration of 'sprintf'
C:\Libraries\3rdPartyLibs\tiff-4.0.9_64\libtiff\tif_getimage.c(157): warning C4996: 'sprintf': This function or variable may be unsafe. Consider using sprintf_s instead. To disable deprecation, use _CRT_SECURE_NO_WARNINGS. See online help for details.
  C:\Program Files (x86)\Windows Kits\10\Include\10.0.16299.0\ucrt\stdio.h(1772): note: see declaration of 'sprintf'
C:\Libraries\3rdPartyLibs\tiff-4.0.9_64\libtiff\tif_getimage.c(163): warning C4996: 'sprintf': This function or variable may be unsafe. Consider using sprintf_s instead. To disable deprecation, use _CRT_SECURE_NO_WARNINGS. See online help for details.
  C:\Program Files (x86)\Windows Kits\10\Include\10.0.16299.0\ucrt\stdio.h(1772): note: see declaration of 'sprintf'
C:\Libraries\3rdPartyLibs\tiff-4.0.9_64\libtiff\tif_getimage.c(172): warning C4996: 'sprintf': This function or variable may be unsafe. Consider using sprintf_s instead. To disable deprecation, use _CRT_SECURE_NO_WARNINGS. See online help for details.
  C:\Program Files (x86)\Windows Kits\10\Include\10.0.16299.0\ucrt\stdio.h(1772): note: see declaration of 'sprintf'
C:\Libraries\3rdPartyLibs\tiff-4.0.9_64\libtiff\tif_getimage.c(180): warning C4996: 'sprintf': This function or variable may be unsafe. Consider using sprintf_s instead. To disable deprecation, use _CRT_SECURE_NO_WARNINGS. See online help for details.
  C:\Program Files (x86)\Windows Kits\10\Include\10.0.16299.0\ucrt\stdio.h(1772): note: see declaration of 'sprintf'
C:\Libraries\3rdPartyLibs\tiff-4.0.9_64\libtiff\tif_getimage.c(185): warning C4996: 'sprintf': This function or variable may be unsafe. Consider using sprintf_s instead. To disable deprecation, use _CRT_SECURE_NO_WARNINGS. See online help for details.
  C:\Program Files (x86)\Windows Kits\10\Include\10.0.16299.0\ucrt\stdio.h(1772): note: see declaration of 'sprintf'
C:\Libraries\3rdPartyLibs\tiff-4.0.9_64\libtiff\tif_getimage.c(190): warning C4996: 'sprintf': This function or variable may be unsafe. Consider using sprintf_s instead. To disable deprecation, use _CRT_SECURE_NO_WARNINGS. See online help for details.
  C:\Program Files (x86)\Windows Kits\10\Include\10.0.16299.0\ucrt\stdio.h(1772): note: see declaration of 'sprintf'
C:\Libraries\3rdPartyLibs\tiff-4.0.9_64\libtiff\tif_getimage.c(199): warning C4996: 'sprintf': This function or variable may be unsafe. Consider using sprintf_s instead. To disable deprecation, use _CRT_SECURE_NO_WARNINGS. See online help for details.
  C:\Program Files (x86)\Windows Kits\10\Include\10.0.16299.0\ucrt\stdio.h(1772): note: see declaration of 'sprintf'
C:\Libraries\3rdPartyLibs\tiff-4.0.9_64\libtiff\tif_getimage.c(208): warning C4996: 'sprintf': This function or variable may be unsafe. Consider using sprintf_s instead. To disable deprecation, use _CRT_SECURE_NO_WARNINGS. See online help for details.
  C:\Program Files (x86)\Windows Kits\10\Include\10.0.16299.0\ucrt\stdio.h(1772): note: see declaration of 'sprintf'
C:\Libraries\3rdPartyLibs\tiff-4.0.9_64\libtiff\tif_getimage.c(306): warning C4996: 'sprintf': This function or variable may be unsafe. Consider using sprintf_s instead. To disable deprecation, use _CRT_SECURE_NO_WARNINGS. See online help for details.
  C:\Program Files (x86)\Windows Kits\10\Include\10.0.16299.0\ucrt\stdio.h(1772): note: see declaration of 'sprintf'
C:\Libraries\3rdPartyLibs\tiff-4.0.9_64\libtiff\tif_getimage.c(356): warning C4996: 'sprintf': This function or variable may be unsafe. Consider using sprintf_s instead. To disable deprecation, use _CRT_SECURE_NO_WARNINGS. See online help for details.
  C:\Program Files (x86)\Windows Kits\10\Include\10.0.16299.0\ucrt\stdio.h(1772): note: see declaration of 'sprintf'
C:\Libraries\3rdPartyLibs\tiff-4.0.9_64\libtiff\tif_getimage.c(364): warning C4996: 'sprintf': This function or variable may be unsafe. Consider using sprintf_s instead. To disable deprecation, use _CRT_SECURE_NO_WARNINGS. See online help for details.
  C:\Program Files (x86)\Windows Kits\10\Include\10.0.16299.0\ucrt\stdio.h(1772): note: see declaration of 'sprintf'
C:\Libraries\3rdPartyLibs\tiff-4.0.9_64\libtiff\tif_getimage.c(374): warning C4996: 'sprintf': This function or variable may be unsafe. Consider using sprintf_s instead. To disable deprecation, use _CRT_SECURE_NO_WARNINGS. See online help for details.
  C:\Program Files (x86)\Windows Kits\10\Include\10.0.16299.0\ucrt\stdio.h(1772): note: see declaration of 'sprintf'
C:\Libraries\3rdPartyLibs\tiff-4.0.9_64\libtiff\tif_getimage.c(388): warning C4996: 'sprintf': This function or variable may be unsafe. Consider using sprintf_s instead. To disable deprecation, use _CRT_SECURE_NO_WARNINGS. See online help for details.
  C:\Program Files (x86)\Windows Kits\10\Include\10.0.16299.0\ucrt\stdio.h(1772): note: see declaration of 'sprintf'
C:\Libraries\3rdPartyLibs\tiff-4.0.9_64\libtiff\tif_getimage.c(425): warning C4996: 'sprintf': This function or variable may be unsafe. Consider using sprintf_s instead. To disable deprecation, use _CRT_SECURE_NO_WARNINGS. See online help for details.
  C:\Program Files (x86)\Windows Kits\10\Include\10.0.16299.0\ucrt\stdio.h(1772): note: see declaration of 'sprintf'
C:\Libraries\3rdPartyLibs\tiff-4.0.9_64\libtiff\tif_getimage.c(435): warning C4996: 'sprintf': This function or variable may be unsafe. Consider using sprintf_s instead. To disable deprecation, use _CRT_SECURE_NO_WARNINGS. See online help for details.
  C:\Program Files (x86)\Windows Kits\10\Include\10.0.16299.0\ucrt\stdio.h(1772): note: see declaration of 'sprintf'
C:\Libraries\3rdPartyLibs\tiff-4.0.9_64\libtiff\tif_getimage.c(440): warning C4996: 'sprintf': This function or variable may be unsafe. Consider using sprintf_s instead. To disable deprecation, use _CRT_SECURE_NO_WARNINGS. See online help for details.
  C:\Program Files (x86)\Windows Kits\10\Include\10.0.16299.0\ucrt\stdio.h(1772): note: see declaration of 'sprintf'
C:\Libraries\3rdPartyLibs\tiff-4.0.9_64\libtiff\tif_getimage.c(448): warning C4996: 'sprintf': This function or variable may be unsafe. Consider using sprintf_s instead. To disable deprecation, use _CRT_SECURE_NO_WARNINGS. See online help for details.
  C:\Program Files (x86)\Windows Kits\10\Include\10.0.16299.0\ucrt\stdio.h(1772): note: see declaration of 'sprintf'
C:\Libraries\3rdPartyLibs\tiff-4.0.9_64\libtiff\tif_getimage.c(458): warning C4996: 'sprintf': This function or variable may be unsafe. Consider using sprintf_s instead. To disable deprecation, use _CRT_SECURE_NO_WARNINGS. See online help for details.
  C:\Program Files (x86)\Windows Kits\10\Include\10.0.16299.0\ucrt\stdio.h(1772): note: see declaration of 'sprintf'
C:\Libraries\3rdPartyLibs\tiff-4.0.9_64\libtiff\tif_getimage.c(463): warning C4996: 'sprintf': This function or variable may be unsafe. Consider using sprintf_s instead. To disable deprecation, use _CRT_SECURE_NO_WARNINGS. See online help for details.
  C:\Program Files (x86)\Windows Kits\10\Include\10.0.16299.0\ucrt\stdio.h(1772): note: see declaration of 'sprintf'
C:\Libraries\3rdPartyLibs\tiff-4.0.9_64\libtiff\tif_getimage.c(474): warning C4996: 'sprintf': This function or variable may be unsafe. Consider using sprintf_s instead. To disable deprecation, use _CRT_SECURE_NO_WARNINGS. See online help for details.
  C:\Program Files (x86)\Windows Kits\10\Include\10.0.16299.0\ucrt\stdio.h(1772): note: see declaration of 'sprintf'
C:\Libraries\3rdPartyLibs\tiff-4.0.9_64\libtiff\tif_getimage.c(485): warning C4996: 'sprintf': This function or variable may be unsafe. Consider using sprintf_s instead. To disable deprecation, use _CRT_SECURE_NO_WARNINGS. See online help for details.
  C:\Program Files (x86)\Windows Kits\10\Include\10.0.16299.0\ucrt\stdio.h(1772): note: see declaration of 'sprintf'
C:\Libraries\3rdPartyLibs\tiff-4.0.9_64\libtiff\tif_getimage.c(490): warning C4996: 'sprintf': This function or variable may be unsafe. Consider using sprintf_s instead. To disable deprecation, use _CRT_SECURE_NO_WARNINGS. See online help for details.
  C:\Program Files (x86)\Windows Kits\10\Include\10.0.16299.0\ucrt\stdio.h(1772): note: see declaration of 'sprintf'
  tif_jbig.c
  tif_jpeg.c
C:\Libraries\3rdPartyLibs\tiff-4.0.9_64\libtiff\tif_jpeg.c(386): warning C4996: 'getenv': This function or variable may be unsafe. Consider using _dupenv_s instead. To disable deprecation, use _CRT_SECURE_NO_WARNINGS. See online help for details.
  C:\Program Files (x86)\Windows Kits\10\Include\10.0.16299.0\ucrt\stdlib.h(1199): note: see declaration of 'getenv'
C:\Libraries\3rdPartyLibs\tiff-4.0.9_64\libtiff\tif_jpeg.c(1228): warning C4996: 'getenv': This function or variable may be unsafe. Consider using _dupenv_s instead. To disable deprecation, use _CRT_SECURE_NO_WARNINGS. See online help for details.
  C:\Program Files (x86)\Windows Kits\10\Include\10.0.16299.0\ucrt\stdlib.h(1199): note: see declaration of 'getenv'
C:\Libraries\3rdPartyLibs\tiff-4.0.9_64\libtiff\tif_jpeg.c(2465): warning C4996: 'getenv': This function or variable may be unsafe. Consider using _dupenv_s instead. To disable deprecation, use _CRT_SECURE_NO_WARNINGS. See online help for details.
  C:\Program Files (x86)\Windows Kits\10\Include\10.0.16299.0\ucrt\stdlib.h(1199): note: see declaration of 'getenv'
  tif_jpeg_12.c
  tif_luv.c
  Generating Code...
  Compiling...
  tif_lzma.c
  tif_lzw.c
  tif_next.c
  tif_ojpeg.c
  tif_open.c
C:\Libraries\3rdPartyLibs\tiff-4.0.9_64\libtiff\tif_open.c(126): warning C4996: 'strcpy': This function or variable may be unsafe. Consider using strcpy_s instead. To disable deprecation, use _CRT_SECURE_NO_WARNINGS. See online help for details.
  tif_packbits.c
  tif_pixarlog.c
  tif_predict.c
  tif_print.c
  tif_read.c
  tif_strip.c
  tif_swab.c
  tif_thunder.c
  tif_tile.c
  tif_version.c
  tif_warning.c
  tif_write.c
  tif_zip.c
  tif_unix.c
C:\Libraries\3rdPartyLibs\tiff-4.0.9_64\libtiff\tif_unix.c(87): warning C4996: 'read': The POSIX name for this item is deprecated. Instead, use the ISO C and C++ conformant name: _read. See online help for details.
  C:\Program Files (x86)\Windows Kits\10\Include\10.0.16299.0\ucrt\corecrt_io.h(523): note: see declaration of 'read'
C:\Libraries\3rdPartyLibs\tiff-4.0.9_64\libtiff\tif_unix.c(115): warning C4996: 'write': The POSIX name for this item is deprecated. Instead, use the ISO C and C++ conformant name: _write. See online help for details.
  C:\Program Files (x86)\Windows Kits\10\Include\10.0.16299.0\ucrt\corecrt_io.h(558): note: see declaration of 'write'
C:\Libraries\3rdPartyLibs\tiff-4.0.9_64\libtiff\tif_unix.c(144): warning C4996: 'close': The POSIX name for this item is deprecated. Instead, use the ISO C and C++ conformant name: _close. See online help for details.
  C:\Program Files (x86)\Windows Kits\10\Include\10.0.16299.0\ucrt\corecrt_io.h(459): note: see declaration of 'close'
C:\Libraries\3rdPartyLibs\tiff-4.0.9_64\libtiff\tif_unix.c(240): warning C4996: 'open': The POSIX name for this item is deprecated. Instead, use the ISO C and C++ conformant name: _open. See online help for details.
  C:\Program Files (x86)\Windows Kits\10\Include\10.0.16299.0\ucrt\corecrt_io.h(516): note: see declaration of 'open'
C:\Libraries\3rdPartyLibs\tiff-4.0.9_64\libtiff\tif_unix.c(242): warning C4996: 'strerror': This function or variable may be unsafe. Consider using strerror_s instead. To disable deprecation, use _CRT_SECURE_NO_WARNINGS. See online help for details.
  C:\Program Files (x86)\Windows Kits\10\Include\10.0.16299.0\ucrt\string.h(181): note: see declaration of 'strerror'
C:\Libraries\3rdPartyLibs\tiff-4.0.9_64\libtiff\tif_unix.c(243): warning C4996: 'strerror': This function or variable may be unsafe. Consider using strerror_s instead. To disable deprecation, use _CRT_SECURE_NO_WARNINGS. See online help for details.
  C:\Program Files (x86)\Windows Kits\10\Include\10.0.16299.0\ucrt\string.h(181): note: see declaration of 'strerror'
C:\Libraries\3rdPartyLibs\tiff-4.0.9_64\libtiff\tif_unix.c(252): warning C4996: 'close': The POSIX name for this item is deprecated. Instead, use the ISO C and C++ conformant name: _close. See online help for details.
  C:\Program Files (x86)\Windows Kits\10\Include\10.0.16299.0\ucrt\corecrt_io.h(459): note: see declaration of 'close'
C:\Libraries\3rdPartyLibs\tiff-4.0.9_64\libtiff\tif_unix.c(279): warning C4996: '_wopen': This function or variable may be unsafe. Consider using _wsopen_s instead. To disable deprecation, use _CRT_SECURE_NO_WARNINGS. See online help for details.
  C:\Program Files (x86)\Windows Kits\10\Include\10.0.16299.0\ucrt\corecrt_wio.h(255): note: see declaration of '_wopen'
C:\Libraries\3rdPartyLibs\tiff-4.0.9_64\libtiff\tif_unix.c(305): warning C4996: 'close': The POSIX name for this item is deprecated. Instead, use the ISO C and C++ conformant name: _close. See online help for details.
  C:\Program Files (x86)\Windows Kits\10\Include\10.0.16299.0\ucrt\corecrt_io.h(459): note: see declaration of 'close'
  dummy.c
  Generating Code...
  Compiling...
  getopt.c
  strcasecmp.c
  Generating Code...
  zlib.lib(deflate.obj) : MSIL .netmodule or module compiled with /GL found; restarting link with /LTCG; add /LTCG to the link command line to improve linker performance
     Creating library C:/Libraries/3rdPartyLibs/tiff-4.0.9_64/libtiff/Release/tiff.lib and object C:/Libraries/3rdPartyLibs/tiff-4.0.9_64/libtiff/Release/tiff.exp
  Generating code
  Finished generating code
  tiff.vcxproj -> C:\Libraries\3rdPartyLibs\tiff-4.0.9_64\libtiff\Release\tiff.dll
