  Building Custom Rule C:/Libraries/3rdPartyLibs/zlib-1.2.11/CMakeLists.txt
  CMake does not need to re-run because C:/Libraries/3rdPartyLibs/zlib-1.2.11/x86/CMakeFiles/generate.stamp is up-to-date.
  adler32.c
  compress.c
  crc32.c
  deflate.c
  gzclose.c
  gzlib.c
  gzread.c
  gzwrite.c
  inflate.c
  infback.c
  inftrees.c
  inffast.c
  trees.c
  uncompr.c
  zutil.c
  Generating Code...
     Creating library C:/Libraries/3rdPartyLibs/zlib-1.2.11/x86/Debug/zlibd.lib and object C:/Libraries/3rdPartyLibs/zlib-1.2.11/x86/Debug/zlibd.exp
  zlib.vcxproj -> C:\Libraries\3rdPartyLibs\zlib-1.2.11\x86\Debug\zlibd.dll
