  Building Custom Rule C:/Libraries/OSG-3.4.0_64/src/osgPlugins/OpenFlight/CMakeLists.txt
  CMake does not need to re-run because C:/Libraries/OSG-3.4.0_64/src/osgPlugins/OpenFlight/CMakeFiles/generate.stamp is up-to-date.
  AncillaryRecords.cpp
  AttrData.cpp
  ControlRecords.cpp
  DataInputStream.cpp
  DataOutputStream.cpp
  Document.cpp
  expAncillaryRecords.cpp
  expControlRecords.cpp
  expGeometryRecords.cpp
  expPrimaryRecords.cpp
C:\Libraries\OSG-3.4.0_64\src\osgPlugins\OpenFlight\expPrimaryRecords.cpp(760): warning C4456: declaration of 'ds' hides previous local declaration
  C:\Libraries\OSG-3.4.0_64\src\osgPlugins\OpenFlight\expPrimaryRecords.cpp(691): note: see declaration of 'ds'
  ExportOptions.cpp
  FltExportVisitor.cpp
  GeometryRecords.cpp
C:\Libraries\OSG-3.4.0_64\src\osgPlugins\OpenFlight\GeometryRecords.cpp(78): warning C4456: declaration of 'i' hides previous local declaration
  C:\Libraries\OSG-3.4.0_64\src\osgPlugins\OpenFlight\GeometryRecords.cpp(69): note: see declaration of 'i'
C:\Libraries\OSG-3.4.0_64\src\osgPlugins\OpenFlight\GeometryRecords.cpp(99): warning C4456: declaration of 'i' hides previous local declaration
  C:\Libraries\OSG-3.4.0_64\src\osgPlugins\OpenFlight\GeometryRecords.cpp(78): note: see declaration of 'i'
C:\Libraries\OSG-3.4.0_64\src\osgPlugins\OpenFlight\GeometryRecords.cpp(116): warning C4456: declaration of 'i' hides previous local declaration
  C:\Libraries\OSG-3.4.0_64\src\osgPlugins\OpenFlight\GeometryRecords.cpp(78): note: see declaration of 'i'
  LightPointRecords.cpp
  LightSourcePaletteManager.cpp
  MaterialPaletteManager.cpp
  PaletteRecords.cpp
  Pools.cpp
  PrimaryRecords.cpp
  ReaderWriterATTR.cpp
  Generating Code...
  Compiling...
  ReaderWriterFLT.cpp
  Record.cpp
  RecordInputStream.cpp
  Registry.cpp
  ReservedRecords.cpp
  RoadRecords.cpp
  TexturePaletteManager.cpp
  Vertex.cpp
  VertexPaletteManager.cpp
  VertexRecords.cpp
  Generating Code...
  osgdb_openflight.vcxproj -> C:\Libraries\OSG-3.4.0_64\bin\osgPlugins-3.4.0\osgdb_openflightd.dll
