  Checking Build System
  CMake does not need to re-run because C:/Libraries/3rdPartyLibs/tiff-4.0.9_64/CMakeFiles/generate.stamp is up-to-date.
  CMake does not need to re-run because C:/Libraries/3rdPartyLibs/tiff-4.0.9_64/port/CMakeFiles/generate.stamp is up-to-date.
  CMake does not need to re-run because C:/Libraries/3rdPartyLibs/tiff-4.0.9_64/libtiff/CMakeFiles/generate.stamp is up-to-date.
  CMake does not need to re-run because C:/Libraries/3rdPartyLibs/tiff-4.0.9_64/tools/CMakeFiles/generate.stamp is up-to-date.
  CMake does not need to re-run because C:/Libraries/3rdPartyLibs/tiff-4.0.9_64/test/CMakeFiles/generate.stamp is up-to-date.
  CMake does not need to re-run because C:/Libraries/3rdPartyLibs/tiff-4.0.9_64/contrib/CMakeFiles/generate.stamp is up-to-date.
  CMake does not need to re-run because C:/Libraries/3rdPartyLibs/tiff-4.0.9_64/contrib/addtiffo/CMakeFiles/generate.stamp is up-to-date.
  CMake does not need to re-run because C:/Libraries/3rdPartyLibs/tiff-4.0.9_64/contrib/dbs/CMakeFiles/generate.stamp is up-to-date.
  CMake does not need to re-run because C:/Libraries/3rdPartyLibs/tiff-4.0.9_64/contrib/dbs/xtiff/CMakeFiles/generate.stamp is up-to-date.
  CMake does not need to re-run because C:/Libraries/3rdPartyLibs/tiff-4.0.9_64/contrib/iptcutil/CMakeFiles/generate.stamp is up-to-date.
  CMake does not need to re-run because C:/Libraries/3rdPartyLibs/tiff-4.0.9_64/contrib/mfs/CMakeFiles/generate.stamp is up-to-date.
  CMake does not need to re-run because C:/Libraries/3rdPartyLibs/tiff-4.0.9_64/contrib/pds/CMakeFiles/generate.stamp is up-to-date.
  CMake does not need to re-run because C:/Libraries/3rdPartyLibs/tiff-4.0.9_64/contrib/ras/CMakeFiles/generate.stamp is up-to-date.
  CMake does not need to re-run because C:/Libraries/3rdPartyLibs/tiff-4.0.9_64/contrib/stream/CMakeFiles/generate.stamp is up-to-date.
  CMake does not need to re-run because C:/Libraries/3rdPartyLibs/tiff-4.0.9_64/contrib/tags/CMakeFiles/generate.stamp is up-to-date.
  CMake does not need to re-run because C:/Libraries/3rdPartyLibs/tiff-4.0.9_64/contrib/win_dib/CMakeFiles/generate.stamp is up-to-date.
  CMake does not need to re-run because C:/Libraries/3rdPartyLibs/tiff-4.0.9_64/build/CMakeFiles/generate.stamp is up-to-date.
  CMake does not need to re-run because C:/Libraries/3rdPartyLibs/tiff-4.0.9_64/man/CMakeFiles/generate.stamp is up-to-date.
  CMake does not need to re-run because C:/Libraries/3rdPartyLibs/tiff-4.0.9_64/html/CMakeFiles/generate.stamp is up-to-date.
  CMake does not need to re-run because C:/Libraries/3rdPartyLibs/tiff-4.0.9_64/html/images/CMakeFiles/generate.stamp is up-to-date.
  CMake does not need to re-run because C:/Libraries/3rdPartyLibs/tiff-4.0.9_64/html/man/CMakeFiles/generate.stamp is up-to-date.
