c:\libraries\osg-3.4.0_64\src\osgdb\osgdb.dir\release\filenameutils.obj
c:\libraries\osg-3.4.0_64\src\osgdb\osgdb.dir\release\filecache.obj
c:\libraries\osg-3.4.0_64\src\osgdb\osgdb.dir\release\fieldreaderiterator.obj
c:\libraries\osg-3.4.0_64\src\osgdb\osgdb.dir\release\fieldreader.obj
c:\libraries\osg-3.4.0_64\src\osgdb\osgdb.dir\release\field.obj
c:\libraries\osg-3.4.0_64\src\osgdb\osgdb.dir\release\externalfilewriter.obj
c:\libraries\osg-3.4.0_64\src\osgdb\osgdb.dir\release\dynamiclibrary.obj
c:\libraries\osg-3.4.0_64\src\osgdb\osgdb.dir\release\dotosgwrapper.obj
c:\libraries\osg-3.4.0_64\src\osgdb\osgdb.dir\release\databaserevisions.obj
c:\libraries\osg-3.4.0_64\src\osgdb\osgdb.dir\release\databasepager.obj
c:\libraries\osg-3.4.0_64\src\osgdb\osgdb.dir\release\convertutf.obj
c:\libraries\osg-3.4.0_64\src\osgdb\osgdb.dir\release\convertbase64.obj
c:\libraries\osg-3.4.0_64\src\osgdb\osgdb.dir\release\classinterface.obj
c:\libraries\osg-3.4.0_64\src\osgdb\osgdb.dir\release\callbacks.obj
c:\libraries\osg-3.4.0_64\src\osgdb\osgdb.dir\release\authenticationmap.obj
c:\libraries\osg-3.4.0_64\src\osgdb\osgdb.dir\release\archive.obj
c:\libraries\osg-3.4.0_64\src\osgdb\osgdb.dir\release\compressors.obj
c:\libraries\osg-3.4.0_64\src\osgdb\osgdb.dir\release\outputstream.obj
c:\libraries\osg-3.4.0_64\src\osgdb\osgdb.dir\release\inputstream.obj
c:\libraries\osg-3.4.0_64\src\osgdb\osgdb.dir\release\objectwrapper.obj
c:\libraries\osg-3.4.0_64\src\osgdb\osgdb.dir\release\xmlparser.obj
c:\libraries\osg-3.4.0_64\src\osgdb\osgdb.dir\release\writefile.obj
c:\libraries\osg-3.4.0_64\src\osgdb\osgdb.dir\release\version.obj
c:\libraries\osg-3.4.0_64\src\osgdb\osgdb.dir\release\streamoperator.obj
c:\libraries\osg-3.4.0_64\src\osgdb\osgdb.dir\release\sharedstatemanager.obj
c:\libraries\osg-3.4.0_64\src\osgdb\osgdb.dir\release\registry.obj
c:\libraries\osg-3.4.0_64\src\osgdb\osgdb.dir\release\readfile.obj
c:\libraries\osg-3.4.0_64\src\osgdb\osgdb.dir\release\readerwriter.obj
c:\libraries\osg-3.4.0_64\src\osgdb\osgdb.dir\release\pluginquery.obj
c:\libraries\osg-3.4.0_64\src\osgdb\osgdb.dir\release\options.obj
c:\libraries\osg-3.4.0_64\src\osgdb\osgdb.dir\release\output.obj
c:\libraries\osg-3.4.0_64\src\osgdb\osgdb.dir\release\objectcache.obj
c:\libraries\osg-3.4.0_64\src\osgdb\osgdb.dir\release\mimetypes.obj
c:\libraries\osg-3.4.0_64\src\osgdb\osgdb.dir\release\input.obj
c:\libraries\osg-3.4.0_64\src\osgdb\osgdb.dir\release\imagepager.obj
c:\libraries\osg-3.4.0_64\src\osgdb\osgdb.dir\release\imageoptions.obj
c:\libraries\osg-3.4.0_64\src\osgdb\osgdb.dir\release\fstream.obj
c:\libraries\osg-3.4.0_64\src\osgdb\osgdb.dir\release\fileutils.obj
c:\libraries\osg-3.4.0_64\src\osgdb\cmakefiles\generate.stamp
c:\libraries\osg-3.4.0_64\bin\osg130-osgdb.dll
c:\libraries\osg-3.4.0_64\lib\osgdb.lib
c:\libraries\osg-3.4.0_64\lib\osgdb.exp
c:\libraries\osg-3.4.0_64\src\osgdb\osgdb.dir\release\openscenegraphversioninfo.res
c:\libraries\osg-3.4.0_64\src\osgdb\osgdb.dir\release\osgdb.tlog\cl.command.1.tlog
c:\libraries\osg-3.4.0_64\src\osgdb\osgdb.dir\release\osgdb.tlog\cl.read.1.tlog
c:\libraries\osg-3.4.0_64\src\osgdb\osgdb.dir\release\osgdb.tlog\cl.write.1.tlog
c:\libraries\osg-3.4.0_64\src\osgdb\osgdb.dir\release\osgdb.tlog\custombuild.command.1.tlog
c:\libraries\osg-3.4.0_64\src\osgdb\osgdb.dir\release\osgdb.tlog\custombuild.read.1.tlog
c:\libraries\osg-3.4.0_64\src\osgdb\osgdb.dir\release\osgdb.tlog\custombuild.write.1.tlog
c:\libraries\osg-3.4.0_64\src\osgdb\osgdb.dir\release\osgdb.tlog\link.command.1.tlog
c:\libraries\osg-3.4.0_64\src\osgdb\osgdb.dir\release\osgdb.tlog\link.delete.1.tlog
c:\libraries\osg-3.4.0_64\src\osgdb\osgdb.dir\release\osgdb.tlog\link.read.1.tlog
c:\libraries\osg-3.4.0_64\src\osgdb\osgdb.dir\release\osgdb.tlog\link.write.1.tlog
c:\libraries\osg-3.4.0_64\src\osgdb\osgdb.dir\release\osgdb.tlog\osgdb.write.1u.tlog
c:\libraries\osg-3.4.0_64\src\osgdb\osgdb.dir\release\osgdb.tlog\rc.command.1.tlog
c:\libraries\osg-3.4.0_64\src\osgdb\osgdb.dir\release\osgdb.tlog\rc.read.1.tlog
c:\libraries\osg-3.4.0_64\src\osgdb\osgdb.dir\release\osgdb.tlog\rc.write.1.tlog
