  Building Custom Rule C:/Libraries/OSG-3.4.0_64/src/osgDB/CMakeLists.txt
  CMake does not need to re-run because C:/Libraries/OSG-3.4.0_64/src/osgDB/CMakeFiles/generate.stamp is up-to-date.
  ObjectWrapper.cpp
  InputStream.cpp
  OutputStream.cpp
C:\Libraries\OSG-3.4.0_64\src\osgDB\OutputStream.cpp(519): warning C4456: declaration of 'size' hides previous local declaration
  C:\Libraries\OSG-3.4.0_64\src\osgDB\OutputStream.cpp(502): note: see declaration of 'size'
  Compressors.cpp
  Archive.cpp
  AuthenticationMap.cpp
  Callbacks.cpp
  ClassInterface.cpp
C:\Libraries\OSG-3.4.0_64\src\osgDB\ClassInterface.cpp(595): warning C4456: declaration of 'methodObjectMap' hides previous local declaration
  C:\Libraries\OSG-3.4.0_64\src\osgDB\ClassInterface.cpp(578): note: see declaration of 'methodObjectMap'
C:\Libraries\OSG-3.4.0_64\src\osgDB\ClassInterface.cpp(596): warning C4456: declaration of 'itr' hides previous local declaration
  C:\Libraries\OSG-3.4.0_64\src\osgDB\ClassInterface.cpp(579): note: see declaration of 'itr'
C:\Libraries\OSG-3.4.0_64\src\osgDB\ClassInterface.cpp(631): warning C4456: declaration of 'methodObjectMap' hides previous local declaration
  C:\Libraries\OSG-3.4.0_64\src\osgDB\ClassInterface.cpp(619): note: see declaration of 'methodObjectMap'
C:\Libraries\OSG-3.4.0_64\src\osgDB\ClassInterface.cpp(632): warning C4456: declaration of 'itr' hides previous local declaration
  C:\Libraries\OSG-3.4.0_64\src\osgDB\ClassInterface.cpp(620): note: see declaration of 'itr'
  ConvertBase64.cpp
  ConvertUTF.cpp
  DatabasePager.cpp
  DatabaseRevisions.cpp
  DotOsgWrapper.cpp
C:\Libraries\OSG-3.4.0_64\src\osgDB\DotOsgWrapper.cpp(248): warning C4456: declaration of 'itr' hides previous local declaration
  C:\Libraries\OSG-3.4.0_64\src\osgDB\DotOsgWrapper.cpp(232): note: see declaration of 'itr'
C:\Libraries\OSG-3.4.0_64\src\osgDB\DotOsgWrapper.cpp(313): warning C4456: declaration of 'itr' hides previous local declaration
  C:\Libraries\OSG-3.4.0_64\src\osgDB\DotOsgWrapper.cpp(232): note: see declaration of 'itr'
C:\Libraries\OSG-3.4.0_64\src\osgDB\DotOsgWrapper.cpp(371): warning C4456: declaration of 'itr' hides previous local declaration
  C:\Libraries\OSG-3.4.0_64\src\osgDB\DotOsgWrapper.cpp(354): note: see declaration of 'itr'
C:\Libraries\OSG-3.4.0_64\src\osgDB\DotOsgWrapper.cpp(434): warning C4456: declaration of 'itr' hides previous local declaration
  C:\Libraries\OSG-3.4.0_64\src\osgDB\DotOsgWrapper.cpp(354): note: see declaration of 'itr'
C:\Libraries\OSG-3.4.0_64\src\osgDB\DotOsgWrapper.cpp(659): warning C4456: declaration of 'itr' hides previous local declaration
  C:\Libraries\OSG-3.4.0_64\src\osgDB\DotOsgWrapper.cpp(652): note: see declaration of 'itr'
C:\Libraries\OSG-3.4.0_64\src\osgDB\DotOsgWrapper.cpp(727): warning C4456: declaration of 'libraryName' hides previous local declaration
  C:\Libraries\OSG-3.4.0_64\src\osgDB\DotOsgWrapper.cpp(648): note: see declaration of 'libraryName'
C:\Libraries\OSG-3.4.0_64\src\osgDB\DotOsgWrapper.cpp(732): warning C4456: declaration of 'itr' hides previous local declaration
  C:\Libraries\OSG-3.4.0_64\src\osgDB\DotOsgWrapper.cpp(652): note: see declaration of 'itr'
  DynamicLibrary.cpp
  ExternalFileWriter.cpp
  Field.cpp
  FieldReader.cpp
  FieldReaderIterator.cpp
  FileCache.cpp
  FileNameUtils.cpp
  Generating Code...
  Compiling...
  FileUtils.cpp
C:\Libraries\OSG-3.4.0_64\src\osgDB\FileUtils.cpp(201): warning C4456: declaration of 'dir' hides previous local declaration
  C:\Libraries\OSG-3.4.0_64\src\osgDB\FileUtils.cpp(171): note: see declaration of 'dir'
  fstream.cpp
  ImageOptions.cpp
  ImagePager.cpp
  Input.cpp
  MimeTypes.cpp
  ObjectCache.cpp
  Output.cpp
  Options.cpp
  PluginQuery.cpp
C:\Libraries\OSG-3.4.0_64\src\osgDB\PluginQuery.cpp(68): warning C4456: declaration of 'rwList' hides previous local declaration
  C:\Libraries\OSG-3.4.0_64\src\osgDB\PluginQuery.cpp(57): note: see declaration of 'rwList'
  ReaderWriter.cpp
  ReadFile.cpp
C:\Libraries\OSG-3.4.0_64\src\osgDB\ReadFile.cpp(78): warning C4459: declaration of 'NodeList' hides global declaration
  C:\Libraries\OSG-3.4.0_64\include\osg/Group(22): note: see declaration of 'osg::NodeList'
  Registry.cpp
C:\Libraries\OSG-3.4.0_64\src\osgDB\Registry.cpp(1107): warning C4456: declaration of 'fileFound' hides previous local declaration
  C:\Libraries\OSG-3.4.0_64\src\osgDB\Registry.cpp(1093): note: see declaration of 'fileFound'
  SharedStateManager.cpp
  StreamOperator.cpp
  Version.cpp
  WriteFile.cpp
  XmlParser.cpp
C:\Libraries\OSG-3.4.0_64\src\osgDB\XmlParser.cpp(524): warning C4458: declaration of 'contents' hides class member
  C:\Libraries\OSG-3.4.0_64\include\osgDB/XmlParser(61): note: see declaration of 'osgDB::XmlNode::contents'
  Generating Code...
  zlib.lib(deflate.obj) : MSIL .netmodule or module compiled with /GL found; restarting link with /LTCG; add /LTCG to the link command line to improve linker performance
     Creating library C:/Libraries/OSG-3.4.0_64/lib/osgDB.lib and object C:/Libraries/OSG-3.4.0_64/lib/osgDB.exp
  Generating code
  Finished generating code
  osgDB.vcxproj -> C:\Libraries\OSG-3.4.0_64\bin\osg130-osgDB.dll
