  Building Custom Rule C:/Libraries/OSG-3.4.0/src/osgWidget/CMakeLists.txt
  CMake does not need to re-run because C:/Libraries/OSG-3.4.0/src/osgWidget/CMakeFiles/generate.stamp is up-to-date.
  Box.cpp
  Browser.cpp
  PdfReader.cpp
  VncClient.cpp
  Canvas.cpp
  Frame.cpp
  Input.cpp
C:\Microsoft Visual Studio\2017\Enterprise\VC\Tools\MSVC\14.12.25827\include\xutility(2390): warning C4244: 'argument': conversion from 'unsigned int' to 'const char', possible loss of data
  C:\Microsoft Visual Studio\2017\Enterprise\VC\Tools\MSVC\14.12.25827\include\xutility(2409): note: see reference to function template instantiation '_OutIt std::_Copy_unchecked1<_InIt,_OutIt>(_InIt,_InIt,_OutIt,std::_General_ptr_iterator_tag)' being compiled
          with
          [
              _OutIt=std::insert_iterator<std::string>,
              _InIt=unsigned int *
          ]
  C:\Microsoft Visual Studio\2017\Enterprise\VC\Tools\MSVC\14.12.25827\include\xutility(2422): note: see reference to function template instantiation '_OutIt std::_Copy_unchecked<unsigned int*,_Iter>(_InIt,_InIt,_OutIt)' being compiled
          with
          [
              _OutIt=std::insert_iterator<std::string>,
              _Iter=std::insert_iterator<std::string>,
              _InIt=unsigned int *
          ]
  C:\Microsoft Visual Studio\2017\Enterprise\VC\Tools\MSVC\14.12.25827\include\xutility(2431): note: see reference to function template instantiation '_OutIt std::_Copy_no_deprecate<_InIt,_OutIt>(_InIt,_InIt,_OutIt)' being compiled
          with
          [
              _OutIt=std::insert_iterator<std::string>,
              _InIt=std::_Vector_iterator<std::_Vector_val<std::_Simple_types<unsigned int>>>
          ]
  C:\Libraries\OSG-3.4.0\src\osgWidget\Input.cpp(562): note: see reference to function template instantiation '_OutIt std::copy<std::_Vector_iterator<std::_Vector_val<std::_Simple_types<_Ty>>>,std::insert_iterator<std::string>>(_InIt,_InIt,_OutIt)' being compiled
          with
          [
              _OutIt=std::insert_iterator<std::string>,
              _Ty=unsigned int,
              _InIt=std::_Vector_iterator<std::_Vector_val<std::_Simple_types<unsigned int>>>
          ]
  Label.cpp
  Lua.cpp
  Python.cpp
  StyleManager.cpp
  Table.cpp
  Util.cpp
  Version.cpp
  ViewerEventHandlers.cpp
  Widget.cpp
  Window.cpp
C:\Microsoft Visual Studio\2017\Enterprise\VC\Tools\MSVC\14.12.25827\include\algorithm(1007): warning C4244: '=': conversion from 'int' to 'char', possible loss of data
  C:\Microsoft Visual Studio\2017\Enterprise\VC\Tools\MSVC\14.12.25827\include\algorithm(1020): note: see reference to function template instantiation '_OutIt std::_Transform_no_deprecate<_InIt,_OutIt,int(__cdecl *)(int)>(_InIt,_InIt,_OutIt,_Fn)' being compiled
          with
          [
              _OutIt=std::_String_iterator<std::_String_val<std::_Simple_types<char>>>,
              _InIt=std::_String_iterator<std::_String_val<std::_Simple_types<char>>>,
              _Fn=int (__cdecl *)(int)
          ]
  C:\Libraries\OSG-3.4.0\include\osgWidget/Util(56): note: see reference to function template instantiation '_OutIt std::transform<std::_String_iterator<std::_String_val<std::_Simple_types<_Ty>>>,std::_String_iterator<std::_String_val<std::_Simple_types<_Ty>>>,int(__cdecl *)(int)>(_InIt,_InIt,_OutIt,_Fn)' being compiled
          with
          [
              _OutIt=std::_String_iterator<std::_String_val<std::_Simple_types<char>>>,
              _Ty=char,
              _InIt=std::_String_iterator<std::_String_val<std::_Simple_types<char>>>,
              _Fn=int (__cdecl *)(int)
          ]
  WindowManager.cpp
C:\Microsoft Visual Studio\2017\Enterprise\VC\Tools\MSVC\14.12.25827\include\algorithm(1007): warning C4244: '=': conversion from 'int' to 'char', possible loss of data
  C:\Microsoft Visual Studio\2017\Enterprise\VC\Tools\MSVC\14.12.25827\include\algorithm(1020): note: see reference to function template instantiation '_OutIt std::_Transform_no_deprecate<_InIt,_OutIt,int(__cdecl *)(int)>(_InIt,_InIt,_OutIt,_Fn)' being compiled
          with
          [
              _OutIt=std::_String_iterator<std::_String_val<std::_Simple_types<char>>>,
              _InIt=std::_String_iterator<std::_String_val<std::_Simple_types<char>>>,
              _Fn=int (__cdecl *)(int)
          ]
  C:\Libraries\OSG-3.4.0\include\osgWidget/Util(56): note: see reference to function template instantiation '_OutIt std::transform<std::_String_iterator<std::_String_val<std::_Simple_types<_Ty>>>,std::_String_iterator<std::_String_val<std::_Simple_types<_Ty>>>,int(__cdecl *)(int)>(_InIt,_InIt,_OutIt,_Fn)' being compiled
          with
          [
              _OutIt=std::_String_iterator<std::_String_val<std::_Simple_types<char>>>,
              _Ty=char,
              _InIt=std::_String_iterator<std::_String_val<std::_Simple_types<char>>>,
              _Fn=int (__cdecl *)(int)
          ]
  Generating Code...
     Creating library C:/Libraries/OSG-3.4.0/lib/osgWidget.lib and object C:/Libraries/OSG-3.4.0/lib/osgWidget.exp
  osgWidget.vcxproj -> C:\Libraries\OSG-3.4.0\bin\osg130-osgWidget.dll
