  Building Custom Rule C:/Libraries/OSG-3.4.0/src/osgWrappers/deprecated-dotosg/osgParticle/CMakeLists.txt
  CMake does not need to re-run because C:/Libraries/OSG-3.4.0/src/osgWrappers/deprecated-dotosg/osgParticle/CMakeFiles/generate.stamp is up-to-date.
  IO_AccelOperator.cpp
  IO_AngularAccelOperator.cpp
  IO_AngularDampingOperator.cpp
  IO_BounceOperator.cpp
  IO_BoxPlacer.cpp
  IO_CenteredPlacer.cpp
  IO_ConnectedParticleSystem.cpp
  IO_ConstantRateCounter.cpp
  IO_DampingOperator.cpp
  IO_DomainOperator.cpp
  IO_Emitter.cpp
  IO_ExplosionDebrisEffect.cpp
  IO_ExplosionEffect.cpp
  IO_ExplosionOperator.cpp
  IO_FireEffect.cpp
  IO_FluidFrictionOperator.cpp
  IO_FluidProgram.cpp
  IO_ForceOperator.cpp
  IO_LinearInterpolator.cpp
  IO_ModularEmitter.cpp
  Generating Code...
  Compiling...
  IO_ModularProgram.cpp
  IO_MultiSegmentPlacer.cpp
  IO_OrbitOperator.cpp
  IO_Particle.cpp
  IO_ParticleEffect.cpp
  IO_ParticleProcessor.cpp
  IO_ParticleSystem.cpp
  IO_ParticleSystemUpdater.cpp
  IO_PointPlacer.cpp
  IO_Program.cpp
  IO_RadialShooter.cpp
  IO_RandomRateCounter.cpp
  IO_SectorPlacer.cpp
  IO_SegmentPlacer.cpp
  IO_SinkOperator.cpp
  IO_SmokeEffect.cpp
  IO_SmokeTrailEffect.cpp
  IO_VariableRateCounter.cpp
  LibraryWrapper.cpp
  Generating Code...
  osgdb_deprecated_osgparticle.vcxproj -> C:\Libraries\OSG-3.4.0\bin\osgPlugins-3.4.0\osgdb_deprecated_osgparticle.dll
