  Building Custom Rule C:/Libraries/3rdPartyLibs/tiff-4.0.9_64/tools/CMakeLists.txt
  CMake does not need to re-run because C:/Libraries/3rdPartyLibs/tiff-4.0.9_64/tools/CMakeFiles/generate.stamp is up-to-date.
  tiff2pdf.c
C:\Libraries\3rdPartyLibs\tiff-4.0.9_64\tools\tiff2pdf.c(711): warning C4996: 'strncpy': This function or variable may be unsafe. Consider using strncpy_s instead. To disable deprecation, use _CRT_SECURE_NO_WARNINGS. See online help for details.
  C:\Program Files (x86)\Windows Kits\10\Include\10.0.16299.0\ucrt\string.h(337): note: see declaration of 'strncpy'
C:\Libraries\3rdPartyLibs\tiff-4.0.9_64\tools\tiff2pdf.c(717): warning C4996: 'strncpy': This function or variable may be unsafe. Consider using strncpy_s instead. To disable deprecation, use _CRT_SECURE_NO_WARNINGS. See online help for details.
  C:\Program Files (x86)\Windows Kits\10\Include\10.0.16299.0\ucrt\string.h(337): note: see declaration of 'strncpy'
C:\Libraries\3rdPartyLibs\tiff-4.0.9_64\tools\tiff2pdf.c(721): warning C4996: 'strncpy': This function or variable may be unsafe. Consider using strncpy_s instead. To disable deprecation, use _CRT_SECURE_NO_WARNINGS. See online help for details.
  C:\Program Files (x86)\Windows Kits\10\Include\10.0.16299.0\ucrt\string.h(337): note: see declaration of 'strncpy'
C:\Libraries\3rdPartyLibs\tiff-4.0.9_64\tools\tiff2pdf.c(725): warning C4996: 'strncpy': This function or variable may be unsafe. Consider using strncpy_s instead. To disable deprecation, use _CRT_SECURE_NO_WARNINGS. See online help for details.
  C:\Program Files (x86)\Windows Kits\10\Include\10.0.16299.0\ucrt\string.h(337): note: see declaration of 'strncpy'
C:\Libraries\3rdPartyLibs\tiff-4.0.9_64\tools\tiff2pdf.c(729): warning C4996: 'strncpy': This function or variable may be unsafe. Consider using strncpy_s instead. To disable deprecation, use _CRT_SECURE_NO_WARNINGS. See online help for details.
  C:\Program Files (x86)\Windows Kits\10\Include\10.0.16299.0\ucrt\string.h(337): note: see declaration of 'strncpy'
C:\Libraries\3rdPartyLibs\tiff-4.0.9_64\tools\tiff2pdf.c(733): warning C4996: 'strncpy': This function or variable may be unsafe. Consider using strncpy_s instead. To disable deprecation, use _CRT_SECURE_NO_WARNINGS. See online help for details.
  C:\Program Files (x86)\Windows Kits\10\Include\10.0.16299.0\ucrt\string.h(337): note: see declaration of 'strncpy'
C:\Libraries\3rdPartyLibs\tiff-4.0.9_64\tools\tiff2pdf.c(776): warning C4996: 'fopen': This function or variable may be unsafe. Consider using fopen_s instead. To disable deprecation, use _CRT_SECURE_NO_WARNINGS. See online help for details.
  C:\Program Files (x86)\Windows Kits\10\Include\10.0.16299.0\ucrt\stdio.h(207): note: see declaration of 'fopen'
C:\Libraries\3rdPartyLibs\tiff-4.0.9_64\tools\tiff2pdf.c(1950): warning C4244: '=': conversion from 'tsize_t' to 'uint32', possible loss of data
C:\Libraries\3rdPartyLibs\tiff-4.0.9_64\tools\tiff2pdf.c(2406): warning C4244: '=': conversion from 'uint64' to 'uint32', possible loss of data
C:\Libraries\3rdPartyLibs\tiff-4.0.9_64\tools\tiff2pdf.c(2486): warning C4244: '=': conversion from 'tsize_t' to 'tstrip_t', possible loss of data
C:\Libraries\3rdPartyLibs\tiff-4.0.9_64\tools\tiff2pdf.c(2911): warning C4244: '=': conversion from 'tsize_t' to 'uint32', possible loss of data
C:\Libraries\3rdPartyLibs\tiff-4.0.9_64\tools\tiff2pdf.c(2917): warning C4244: '=': conversion from 'tmsize_t' to 'int', possible loss of data
C:\Libraries\3rdPartyLibs\tiff-4.0.9_64\tools\tiff2pdf.c(4214): warning C4996: 'strerror': This function or variable may be unsafe. Consider using strerror_s instead. To disable deprecation, use _CRT_SECURE_NO_WARNINGS. See online help for details.
  C:\Program Files (x86)\Windows Kits\10\Include\10.0.16299.0\ucrt\string.h(181): note: see declaration of 'strerror'
C:\Libraries\3rdPartyLibs\tiff-4.0.9_64\tools\tiff2pdf.c(4218): warning C4996: 'localtime': This function or variable may be unsafe. Consider using localtime_s instead. To disable deprecation, use _CRT_SECURE_NO_WARNINGS. See online help for details.
  C:\Program Files (x86)\Windows Kits\10\Include\10.0.16299.0\ucrt\time.h(505): note: see declaration of 'localtime'
C:\Libraries\3rdPartyLibs\tiff-4.0.9_64\tools\tiff2pdf.c(5447): warning C4244: '=': conversion from 'tsize_t' to 'uint32', possible loss of data
C:\Libraries\3rdPartyLibs\tiff-4.0.9_64\tools\tiff2pdf.c(5452): warning C4244: '=': conversion from 'tsize_t' to 'uint32', possible loss of data
C:\Libraries\3rdPartyLibs\tiff-4.0.9_64\tools\tiff2pdf.c(5457): warning C4244: '=': conversion from 'tsize_t' to 'uint32', possible loss of data
C:\Libraries\3rdPartyLibs\tiff-4.0.9_64\tools\tiff2pdf.c(5465): warning C4244: '=': conversion from 'tsize_t' to 'uint32', possible loss of data
C:\Libraries\3rdPartyLibs\tiff-4.0.9_64\tools\tiff2pdf.c(5469): warning C4244: '=': conversion from 'tsize_t' to 'uint32', possible loss of data
C:\Libraries\3rdPartyLibs\tiff-4.0.9_64\tools\tiff2pdf.c(5480): warning C4244: '=': conversion from 'tsize_t' to 'uint32', possible loss of data
C:\Libraries\3rdPartyLibs\tiff-4.0.9_64\tools\tiff2pdf.c(5485): warning C4244: '=': conversion from 'tsize_t' to 'uint32', possible loss of data
C:\Libraries\3rdPartyLibs\tiff-4.0.9_64\tools\tiff2pdf.c(5490): warning C4244: '=': conversion from 'tsize_t' to 'uint32', possible loss of data
C:\Libraries\3rdPartyLibs\tiff-4.0.9_64\tools\tiff2pdf.c(5504): warning C4244: '=': conversion from 'tsize_t' to 'uint32', possible loss of data
C:\Libraries\3rdPartyLibs\tiff-4.0.9_64\tools\tiff2pdf.c(5518): warning C4244: '=': conversion from 'tsize_t' to 'uint32', possible loss of data
C:\Libraries\3rdPartyLibs\tiff-4.0.9_64\tools\tiff2pdf.c(5533): warning C4244: '=': conversion from 'tsize_t' to 'uint32', possible loss of data
C:\Libraries\3rdPartyLibs\tiff-4.0.9_64\tools\tiff2pdf.c(5550): warning C4244: '=': conversion from 'tsize_t' to 'uint32', possible loss of data
C:\Libraries\3rdPartyLibs\tiff-4.0.9_64\tools\tiff2pdf.c(5556): warning C4244: '=': conversion from 'tsize_t' to 'uint32', possible loss of data
C:\Libraries\3rdPartyLibs\tiff-4.0.9_64\tools\tiff2pdf.c(5573): warning C4244: '=': conversion from 'tsize_t' to 'uint32', possible loss of data
C:\Libraries\3rdPartyLibs\tiff-4.0.9_64\tools\tiff2pdf.c(5579): warning C4244: '=': conversion from 'tsize_t' to 'uint32', possible loss of data
  tiff2pdf.vcxproj -> C:\Libraries\3rdPartyLibs\tiff-4.0.9_64\tools\Release\tiff2pdf.exe
