  Building Custom Rule C:/Libraries/3rdPartyLibs/tiff-4.0.9/tools/CMakeLists.txt
  CMake does not need to re-run because C:/Libraries/3rdPartyLibs/tiff-4.0.9/tools/CMakeFiles/generate.stamp is up-to-date.
  tiff2pdf.c
C:\Libraries\3rdPartyLibs\tiff-4.0.9\tools\tiff2pdf.c(711): warning C4996: 'strncpy': This function or variable may be unsafe. Consider using strncpy_s instead. To disable deprecation, use _CRT_SECURE_NO_WARNINGS. See online help for details.
  C:\Program Files (x86)\Windows Kits\10\Include\10.0.16299.0\ucrt\string.h(337): note: see declaration of 'strncpy'
C:\Libraries\3rdPartyLibs\tiff-4.0.9\tools\tiff2pdf.c(717): warning C4996: 'strncpy': This function or variable may be unsafe. Consider using strncpy_s instead. To disable deprecation, use _CRT_SECURE_NO_WARNINGS. See online help for details.
  C:\Program Files (x86)\Windows Kits\10\Include\10.0.16299.0\ucrt\string.h(337): note: see declaration of 'strncpy'
C:\Libraries\3rdPartyLibs\tiff-4.0.9\tools\tiff2pdf.c(721): warning C4996: 'strncpy': This function or variable may be unsafe. Consider using strncpy_s instead. To disable deprecation, use _CRT_SECURE_NO_WARNINGS. See online help for details.
  C:\Program Files (x86)\Windows Kits\10\Include\10.0.16299.0\ucrt\string.h(337): note: see declaration of 'strncpy'
C:\Libraries\3rdPartyLibs\tiff-4.0.9\tools\tiff2pdf.c(725): warning C4996: 'strncpy': This function or variable may be unsafe. Consider using strncpy_s instead. To disable deprecation, use _CRT_SECURE_NO_WARNINGS. See online help for details.
  C:\Program Files (x86)\Windows Kits\10\Include\10.0.16299.0\ucrt\string.h(337): note: see declaration of 'strncpy'
C:\Libraries\3rdPartyLibs\tiff-4.0.9\tools\tiff2pdf.c(729): warning C4996: 'strncpy': This function or variable may be unsafe. Consider using strncpy_s instead. To disable deprecation, use _CRT_SECURE_NO_WARNINGS. See online help for details.
  C:\Program Files (x86)\Windows Kits\10\Include\10.0.16299.0\ucrt\string.h(337): note: see declaration of 'strncpy'
C:\Libraries\3rdPartyLibs\tiff-4.0.9\tools\tiff2pdf.c(733): warning C4996: 'strncpy': This function or variable may be unsafe. Consider using strncpy_s instead. To disable deprecation, use _CRT_SECURE_NO_WARNINGS. See online help for details.
  C:\Program Files (x86)\Windows Kits\10\Include\10.0.16299.0\ucrt\string.h(337): note: see declaration of 'strncpy'
C:\Libraries\3rdPartyLibs\tiff-4.0.9\tools\tiff2pdf.c(776): warning C4996: 'fopen': This function or variable may be unsafe. Consider using fopen_s instead. To disable deprecation, use _CRT_SECURE_NO_WARNINGS. See online help for details.
  C:\Program Files (x86)\Windows Kits\10\Include\10.0.16299.0\ucrt\stdio.h(207): note: see declaration of 'fopen'
C:\Libraries\3rdPartyLibs\tiff-4.0.9\tools\tiff2pdf.c(2406): warning C4244: '=': conversion from 'uint64' to 'uint32', possible loss of data
C:\Libraries\3rdPartyLibs\tiff-4.0.9\tools\tiff2pdf.c(4214): warning C4996: 'strerror': This function or variable may be unsafe. Consider using strerror_s instead. To disable deprecation, use _CRT_SECURE_NO_WARNINGS. See online help for details.
  C:\Program Files (x86)\Windows Kits\10\Include\10.0.16299.0\ucrt\string.h(181): note: see declaration of 'strerror'
C:\Libraries\3rdPartyLibs\tiff-4.0.9\tools\tiff2pdf.c(4218): warning C4996: 'localtime': This function or variable may be unsafe. Consider using localtime_s instead. To disable deprecation, use _CRT_SECURE_NO_WARNINGS. See online help for details.
  C:\Program Files (x86)\Windows Kits\10\Include\10.0.16299.0\ucrt\time.h(505): note: see declaration of 'localtime'
  tiff2pdf.vcxproj -> C:\Libraries\3rdPartyLibs\tiff-4.0.9\tools\Release\tiff2pdf.exe
