  Checking Build System
  CMake does not need to re-run because C:/Libraries/3rdPartyLibs/tiff-4.0.9/CMakeFiles/generate.stamp is up-to-date.
  CMake does not need to re-run because C:/Libraries/3rdPartyLibs/tiff-4.0.9/port/CMakeFiles/generate.stamp is up-to-date.
  CMake does not need to re-run because C:/Libraries/3rdPartyLibs/tiff-4.0.9/libtiff/CMakeFiles/generate.stamp is up-to-date.
  CMake does not need to re-run because C:/Libraries/3rdPartyLibs/tiff-4.0.9/tools/CMakeFiles/generate.stamp is up-to-date.
  CMake does not need to re-run because C:/Libraries/3rdPartyLibs/tiff-4.0.9/test/CMakeFiles/generate.stamp is up-to-date.
  CMake does not need to re-run because C:/Libraries/3rdPartyLibs/tiff-4.0.9/contrib/CMakeFiles/generate.stamp is up-to-date.
  CMake does not need to re-run because C:/Libraries/3rdPartyLibs/tiff-4.0.9/contrib/addtiffo/CMakeFiles/generate.stamp is up-to-date.
  CMake does not need to re-run because C:/Libraries/3rdPartyLibs/tiff-4.0.9/contrib/dbs/CMakeFiles/generate.stamp is up-to-date.
  CMake does not need to re-run because C:/Libraries/3rdPartyLibs/tiff-4.0.9/contrib/dbs/xtiff/CMakeFiles/generate.stamp is up-to-date.
  CMake does not need to re-run because C:/Libraries/3rdPartyLibs/tiff-4.0.9/contrib/iptcutil/CMakeFiles/generate.stamp is up-to-date.
  CMake does not need to re-run because C:/Libraries/3rdPartyLibs/tiff-4.0.9/contrib/mfs/CMakeFiles/generate.stamp is up-to-date.
  CMake does not need to re-run because C:/Libraries/3rdPartyLibs/tiff-4.0.9/contrib/pds/CMakeFiles/generate.stamp is up-to-date.
  CMake does not need to re-run because C:/Libraries/3rdPartyLibs/tiff-4.0.9/contrib/ras/CMakeFiles/generate.stamp is up-to-date.
  CMake does not need to re-run because C:/Libraries/3rdPartyLibs/tiff-4.0.9/contrib/stream/CMakeFiles/generate.stamp is up-to-date.
  CMake does not need to re-run because C:/Libraries/3rdPartyLibs/tiff-4.0.9/contrib/tags/CMakeFiles/generate.stamp is up-to-date.
  CMake does not need to re-run because C:/Libraries/3rdPartyLibs/tiff-4.0.9/contrib/win_dib/CMakeFiles/generate.stamp is up-to-date.
  CMake does not need to re-run because C:/Libraries/3rdPartyLibs/tiff-4.0.9/build/CMakeFiles/generate.stamp is up-to-date.
  CMake does not need to re-run because C:/Libraries/3rdPartyLibs/tiff-4.0.9/man/CMakeFiles/generate.stamp is up-to-date.
  CMake does not need to re-run because C:/Libraries/3rdPartyLibs/tiff-4.0.9/html/CMakeFiles/generate.stamp is up-to-date.
  CMake does not need to re-run because C:/Libraries/3rdPartyLibs/tiff-4.0.9/html/images/CMakeFiles/generate.stamp is up-to-date.
  CMake does not need to re-run because C:/Libraries/3rdPartyLibs/tiff-4.0.9/html/man/CMakeFiles/generate.stamp is up-to-date.
