  Checking Build System
  CMake does not need to re-run because C:/Libraries/OSG-3.4.0/CMakeFiles/generate.stamp is up-to-date.
  CMake does not need to re-run because C:/Libraries/OSG-3.4.0/src/CMakeFiles/generate.stamp is up-to-date.
  CMake does not need to re-run because C:/Libraries/OSG-3.4.0/src/OpenThreads/CMakeFiles/generate.stamp is up-to-date.
  CMake does not need to re-run because C:/Libraries/OSG-3.4.0/src/OpenThreads/win32/CMakeFiles/generate.stamp is up-to-date.
  CMake does not need to re-run because C:/Libraries/OSG-3.4.0/src/osg/CMakeFiles/generate.stamp is up-to-date.
  CMake does not need to re-run because C:/Libraries/OSG-3.4.0/src/osgDB/CMakeFiles/generate.stamp is up-to-date.
  CMake does not need to re-run because C:/Libraries/OSG-3.4.0/src/osgUtil/CMakeFiles/generate.stamp is up-to-date.
  CMake does not need to re-run because C:/Libraries/OSG-3.4.0/src/osgGA/CMakeFiles/generate.stamp is up-to-date.
  CMake does not need to re-run because C:/Libraries/OSG-3.4.0/src/osgText/CMakeFiles/generate.stamp is up-to-date.
  CMake does not need to re-run because C:/Libraries/OSG-3.4.0/src/osgViewer/CMakeFiles/generate.stamp is up-to-date.
  CMake does not need to re-run because C:/Libraries/OSG-3.4.0/src/osgAnimation/CMakeFiles/generate.stamp is up-to-date.
  CMake does not need to re-run because C:/Libraries/OSG-3.4.0/src/osgFX/CMakeFiles/generate.stamp is up-to-date.
  CMake does not need to re-run because C:/Libraries/OSG-3.4.0/src/osgManipulator/CMakeFiles/generate.stamp is up-to-date.
  CMake does not need to re-run because C:/Libraries/OSG-3.4.0/src/osgParticle/CMakeFiles/generate.stamp is up-to-date.
  CMake does not need to re-run because C:/Libraries/OSG-3.4.0/src/osgPresentation/CMakeFiles/generate.stamp is up-to-date.
  CMake does not need to re-run because C:/Libraries/OSG-3.4.0/src/osgShadow/CMakeFiles/generate.stamp is up-to-date.
  CMake does not need to re-run because C:/Libraries/OSG-3.4.0/src/osgSim/CMakeFiles/generate.stamp is up-to-date.
  CMake does not need to re-run because C:/Libraries/OSG-3.4.0/src/osgTerrain/CMakeFiles/generate.stamp is up-to-date.
  CMake does not need to re-run because C:/Libraries/OSG-3.4.0/src/osgWidget/CMakeFiles/generate.stamp is up-to-date.
  CMake does not need to re-run because C:/Libraries/OSG-3.4.0/src/osgUI/CMakeFiles/generate.stamp is up-to-date.
  CMake does not need to re-run because C:/Libraries/OSG-3.4.0/src/osgVolume/CMakeFiles/generate.stamp is up-to-date.
  CMake does not need to re-run because C:/Libraries/OSG-3.4.0/src/osgWrappers/serializers/CMakeFiles/generate.stamp is up-to-date.
  CMake does not need to re-run because C:/Libraries/OSG-3.4.0/src/osgWrappers/serializers/osg/CMakeFiles/generate.stamp is up-to-date.
  CMake does not need to re-run because C:/Libraries/OSG-3.4.0/src/osgWrappers/serializers/osgUtil/CMakeFiles/generate.stamp is up-to-date.
  CMake does not need to re-run because C:/Libraries/OSG-3.4.0/src/osgWrappers/serializers/osgAnimation/CMakeFiles/generate.stamp is up-to-date.
  CMake does not need to re-run because C:/Libraries/OSG-3.4.0/src/osgWrappers/serializers/osgFX/CMakeFiles/generate.stamp is up-to-date.
  CMake does not need to re-run because C:/Libraries/OSG-3.4.0/src/osgWrappers/serializers/osgManipulator/CMakeFiles/generate.stamp is up-to-date.
  CMake does not need to re-run because C:/Libraries/OSG-3.4.0/src/osgWrappers/serializers/osgParticle/CMakeFiles/generate.stamp is up-to-date.
  CMake does not need to re-run because C:/Libraries/OSG-3.4.0/src/osgWrappers/serializers/osgSim/CMakeFiles/generate.stamp is up-to-date.
  CMake does not need to re-run because C:/Libraries/OSG-3.4.0/src/osgWrappers/serializers/osgShadow/CMakeFiles/generate.stamp is up-to-date.
  CMake does not need to re-run because C:/Libraries/OSG-3.4.0/src/osgWrappers/serializers/osgGA/CMakeFiles/generate.stamp is up-to-date.
  CMake does not need to re-run because C:/Libraries/OSG-3.4.0/src/osgWrappers/serializers/osgTerrain/CMakeFiles/generate.stamp is up-to-date.
  CMake does not need to re-run because C:/Libraries/OSG-3.4.0/src/osgWrappers/serializers/osgText/CMakeFiles/generate.stamp is up-to-date.
  CMake does not need to re-run because C:/Libraries/OSG-3.4.0/src/osgWrappers/serializers/osgVolume/CMakeFiles/generate.stamp is up-to-date.
  CMake does not need to re-run because C:/Libraries/OSG-3.4.0/src/osgWrappers/serializers/osgViewer/CMakeFiles/generate.stamp is up-to-date.
  CMake does not need to re-run because C:/Libraries/OSG-3.4.0/src/osgWrappers/serializers/osgUI/CMakeFiles/generate.stamp is up-to-date.
  CMake does not need to re-run because C:/Libraries/OSG-3.4.0/src/osgWrappers/deprecated-dotosg/CMakeFiles/generate.stamp is up-to-date.
  CMake does not need to re-run because C:/Libraries/OSG-3.4.0/src/osgWrappers/deprecated-dotosg/osg/CMakeFiles/generate.stamp is up-to-date.
  CMake does not need to re-run because C:/Libraries/OSG-3.4.0/src/osgWrappers/deprecated-dotosg/osgParticle/CMakeFiles/generate.stamp is up-to-date.
  CMake does not need to re-run because C:/Libraries/OSG-3.4.0/src/osgWrappers/deprecated-dotosg/osgAnimation/CMakeFiles/generate.stamp is up-to-date.
  CMake does not need to re-run because C:/Libraries/OSG-3.4.0/src/osgWrappers/deprecated-dotosg/osgFX/CMakeFiles/generate.stamp is up-to-date.
  CMake does not need to re-run because C:/Libraries/OSG-3.4.0/src/osgWrappers/deprecated-dotosg/osgSim/CMakeFiles/generate.stamp is up-to-date.
  CMake does not need to re-run because C:/Libraries/OSG-3.4.0/src/osgWrappers/deprecated-dotosg/osgText/CMakeFiles/generate.stamp is up-to-date.
  CMake does not need to re-run because C:/Libraries/OSG-3.4.0/src/osgWrappers/deprecated-dotosg/osgViewer/CMakeFiles/generate.stamp is up-to-date.
  CMake does not need to re-run because C:/Libraries/OSG-3.4.0/src/osgWrappers/deprecated-dotosg/osgShadow/CMakeFiles/generate.stamp is up-to-date.
  CMake does not need to re-run because C:/Libraries/OSG-3.4.0/src/osgWrappers/deprecated-dotosg/osgTerrain/CMakeFiles/generate.stamp is up-to-date.
  CMake does not need to re-run because C:/Libraries/OSG-3.4.0/src/osgWrappers/deprecated-dotosg/osgVolume/CMakeFiles/generate.stamp is up-to-date.
  CMake does not need to re-run because C:/Libraries/OSG-3.4.0/src/osgWrappers/deprecated-dotosg/osgWidget/CMakeFiles/generate.stamp is up-to-date.
  CMake does not need to re-run because C:/Libraries/OSG-3.4.0/src/osgPlugins/CMakeFiles/generate.stamp is up-to-date.
  CMake does not need to re-run because C:/Libraries/OSG-3.4.0/src/osgPlugins/osga/CMakeFiles/generate.stamp is up-to-date.
  CMake does not need to re-run because C:/Libraries/OSG-3.4.0/src/osgPlugins/rot/CMakeFiles/generate.stamp is up-to-date.
  CMake does not need to re-run because C:/Libraries/OSG-3.4.0/src/osgPlugins/scale/CMakeFiles/generate.stamp is up-to-date.
  CMake does not need to re-run because C:/Libraries/OSG-3.4.0/src/osgPlugins/trans/CMakeFiles/generate.stamp is up-to-date.
  CMake does not need to re-run because C:/Libraries/OSG-3.4.0/src/osgPlugins/normals/CMakeFiles/generate.stamp is up-to-date.
  CMake does not need to re-run because C:/Libraries/OSG-3.4.0/src/osgPlugins/revisions/CMakeFiles/generate.stamp is up-to-date.
  CMake does not need to re-run because C:/Libraries/OSG-3.4.0/src/osgPlugins/view/CMakeFiles/generate.stamp is up-to-date.
  CMake does not need to re-run because C:/Libraries/OSG-3.4.0/src/osgPlugins/shadow/CMakeFiles/generate.stamp is up-to-date.
  CMake does not need to re-run because C:/Libraries/OSG-3.4.0/src/osgPlugins/terrain/CMakeFiles/generate.stamp is up-to-date.
  CMake does not need to re-run because C:/Libraries/OSG-3.4.0/src/osgPlugins/osg/CMakeFiles/generate.stamp is up-to-date.
  CMake does not need to re-run because C:/Libraries/OSG-3.4.0/src/osgPlugins/ive/CMakeFiles/generate.stamp is up-to-date.
  CMake does not need to re-run because C:/Libraries/OSG-3.4.0/src/osgPlugins/cfg/CMakeFiles/generate.stamp is up-to-date.
  CMake does not need to re-run because C:/Libraries/OSG-3.4.0/src/osgPlugins/glsl/CMakeFiles/generate.stamp is up-to-date.
  CMake does not need to re-run because C:/Libraries/OSG-3.4.0/src/osgPlugins/rgb/CMakeFiles/generate.stamp is up-to-date.
  CMake does not need to re-run because C:/Libraries/OSG-3.4.0/src/osgPlugins/bmp/CMakeFiles/generate.stamp is up-to-date.
  CMake does not need to re-run because C:/Libraries/OSG-3.4.0/src/osgPlugins/pnm/CMakeFiles/generate.stamp is up-to-date.
  CMake does not need to re-run because C:/Libraries/OSG-3.4.0/src/osgPlugins/dds/CMakeFiles/generate.stamp is up-to-date.
  CMake does not need to re-run because C:/Libraries/OSG-3.4.0/src/osgPlugins/tga/CMakeFiles/generate.stamp is up-to-date.
  CMake does not need to re-run because C:/Libraries/OSG-3.4.0/src/osgPlugins/hdr/CMakeFiles/generate.stamp is up-to-date.
  CMake does not need to re-run because C:/Libraries/OSG-3.4.0/src/osgPlugins/dot/CMakeFiles/generate.stamp is up-to-date.
  CMake does not need to re-run because C:/Libraries/OSG-3.4.0/src/osgPlugins/vtf/CMakeFiles/generate.stamp is up-to-date.
  CMake does not need to re-run because C:/Libraries/OSG-3.4.0/src/osgPlugins/ktx/CMakeFiles/generate.stamp is up-to-date.
  CMake does not need to re-run because C:/Libraries/OSG-3.4.0/src/osgPlugins/jpeg/CMakeFiles/generate.stamp is up-to-date.
  CMake does not need to re-run because C:/Libraries/OSG-3.4.0/src/osgPlugins/gif/CMakeFiles/generate.stamp is up-to-date.
  CMake does not need to re-run because C:/Libraries/OSG-3.4.0/src/osgPlugins/png/CMakeFiles/generate.stamp is up-to-date.
  CMake does not need to re-run because C:/Libraries/OSG-3.4.0/src/osgPlugins/tiff/CMakeFiles/generate.stamp is up-to-date.
  CMake does not need to re-run because C:/Libraries/OSG-3.4.0/src/osgPlugins/gdal/CMakeFiles/generate.stamp is up-to-date.
  CMake does not need to re-run because C:/Libraries/OSG-3.4.0/src/osgPlugins/ogr/CMakeFiles/generate.stamp is up-to-date.
  CMake does not need to re-run because C:/Libraries/OSG-3.4.0/src/osgPlugins/3dc/CMakeFiles/generate.stamp is up-to-date.
  CMake does not need to re-run because C:/Libraries/OSG-3.4.0/src/osgPlugins/p3d/CMakeFiles/generate.stamp is up-to-date.
  CMake does not need to re-run because C:/Libraries/OSG-3.4.0/src/osgPlugins/curl/CMakeFiles/generate.stamp is up-to-date.
  CMake does not need to re-run because C:/Libraries/OSG-3.4.0/src/osgPlugins/gz/CMakeFiles/generate.stamp is up-to-date.
  CMake does not need to re-run because C:/Libraries/OSG-3.4.0/src/osgPlugins/dw/CMakeFiles/generate.stamp is up-to-date.
  CMake does not need to re-run because C:/Libraries/OSG-3.4.0/src/osgPlugins/bvh/CMakeFiles/generate.stamp is up-to-date.
  CMake does not need to re-run because C:/Libraries/OSG-3.4.0/src/osgPlugins/x/CMakeFiles/generate.stamp is up-to-date.
  CMake does not need to re-run because C:/Libraries/OSG-3.4.0/src/osgPlugins/dxf/CMakeFiles/generate.stamp is up-to-date.
  CMake does not need to re-run because C:/Libraries/OSG-3.4.0/src/osgPlugins/OpenFlight/CMakeFiles/generate.stamp is up-to-date.
  CMake does not need to re-run because C:/Libraries/OSG-3.4.0/src/osgPlugins/obj/CMakeFiles/generate.stamp is up-to-date.
  CMake does not need to re-run because C:/Libraries/OSG-3.4.0/src/osgPlugins/pic/CMakeFiles/generate.stamp is up-to-date.
  CMake does not need to re-run because C:/Libraries/OSG-3.4.0/src/osgPlugins/stl/CMakeFiles/generate.stamp is up-to-date.
  CMake does not need to re-run because C:/Libraries/OSG-3.4.0/src/osgPlugins/3ds/CMakeFiles/generate.stamp is up-to-date.
  CMake does not need to re-run because C:/Libraries/OSG-3.4.0/src/osgPlugins/ac/CMakeFiles/generate.stamp is up-to-date.
  CMake does not need to re-run because C:/Libraries/OSG-3.4.0/src/osgPlugins/pov/CMakeFiles/generate.stamp is up-to-date.
  CMake does not need to re-run because C:/Libraries/OSG-3.4.0/src/osgPlugins/logo/CMakeFiles/generate.stamp is up-to-date.
  CMake does not need to re-run because C:/Libraries/OSG-3.4.0/src/osgPlugins/lws/CMakeFiles/generate.stamp is up-to-date.
  CMake does not need to re-run because C:/Libraries/OSG-3.4.0/src/osgPlugins/md2/CMakeFiles/generate.stamp is up-to-date.
  CMake does not need to re-run because C:/Libraries/OSG-3.4.0/src/osgPlugins/osgtgz/CMakeFiles/generate.stamp is up-to-date.
  CMake does not need to re-run because C:/Libraries/OSG-3.4.0/src/osgPlugins/tgz/CMakeFiles/generate.stamp is up-to-date.
  CMake does not need to re-run because C:/Libraries/OSG-3.4.0/src/osgPlugins/shp/CMakeFiles/generate.stamp is up-to-date.
  CMake does not need to re-run because C:/Libraries/OSG-3.4.0/src/osgPlugins/txf/CMakeFiles/generate.stamp is up-to-date.
  CMake does not need to re-run because C:/Libraries/OSG-3.4.0/src/osgPlugins/bsp/CMakeFiles/generate.stamp is up-to-date.
  CMake does not need to re-run because C:/Libraries/OSG-3.4.0/src/osgPlugins/mdl/CMakeFiles/generate.stamp is up-to-date.
  CMake does not need to re-run because C:/Libraries/OSG-3.4.0/src/osgPlugins/gles/CMakeFiles/generate.stamp is up-to-date.
  CMake does not need to re-run because C:/Libraries/OSG-3.4.0/src/osgPlugins/osgjs/CMakeFiles/generate.stamp is up-to-date.
  CMake does not need to re-run because C:/Libraries/OSG-3.4.0/src/osgPlugins/lwo/CMakeFiles/generate.stamp is up-to-date.
  CMake does not need to re-run because C:/Libraries/OSG-3.4.0/src/osgPlugins/ply/CMakeFiles/generate.stamp is up-to-date.
  CMake does not need to re-run because C:/Libraries/OSG-3.4.0/src/osgPlugins/txp/CMakeFiles/generate.stamp is up-to-date.
  CMake does not need to re-run because C:/Libraries/OSG-3.4.0/src/osgPlugins/freetype/CMakeFiles/generate.stamp is up-to-date.
  CMake does not need to re-run because C:/Libraries/OSG-3.4.0/src/osgPlugins/zip/CMakeFiles/generate.stamp is up-to-date.
  CMake does not need to re-run because C:/Libraries/OSG-3.4.0/src/osgPlugins/pvr/CMakeFiles/generate.stamp is up-to-date.
  CMake does not need to re-run because C:/Libraries/OSG-3.4.0/src/osgPlugins/osc/CMakeFiles/generate.stamp is up-to-date.
  CMake does not need to re-run because C:/Libraries/OSG-3.4.0/src/osgPlugins/trk/CMakeFiles/generate.stamp is up-to-date.
  CMake does not need to re-run because C:/Libraries/OSG-3.4.0/src/osgPlugins/tf/CMakeFiles/generate.stamp is up-to-date.
  CMake does not need to re-run because C:/Libraries/OSG-3.4.0/src/osgPlugins/lua/CMakeFiles/generate.stamp is up-to-date.
  CMake does not need to re-run because C:/Libraries/OSG-3.4.0/applications/CMakeFiles/generate.stamp is up-to-date.
  CMake does not need to re-run because C:/Libraries/OSG-3.4.0/applications/osgviewer/CMakeFiles/generate.stamp is up-to-date.
  CMake does not need to re-run because C:/Libraries/OSG-3.4.0/applications/osgarchive/CMakeFiles/generate.stamp is up-to-date.
  CMake does not need to re-run because C:/Libraries/OSG-3.4.0/applications/osgconv/CMakeFiles/generate.stamp is up-to-date.
  CMake does not need to re-run because C:/Libraries/OSG-3.4.0/applications/osgfilecache/CMakeFiles/generate.stamp is up-to-date.
  CMake does not need to re-run because C:/Libraries/OSG-3.4.0/applications/osgversion/CMakeFiles/generate.stamp is up-to-date.
  CMake does not need to re-run because C:/Libraries/OSG-3.4.0/applications/present3D/CMakeFiles/generate.stamp is up-to-date.
