  Building Custom Rule C:/Libraries/OSG-3.4.0/src/osgWrappers/serializers/osgUI/CMakeLists.txt
  CMake does not need to re-run because C:/Libraries/OSG-3.4.0/src/osgWrappers/serializers/osgUI/CMakeFiles/generate.stamp is up-to-date.
  AlignmentSettings.cpp
  ColorPalette.cpp
  ComboBox.cpp
  Dialog.cpp
  DoubleValidator.cpp
  FrameSettings.cpp
  IntValidator.cpp
  Item.cpp
  Label.cpp
  LineEdit.cpp
  Popup.cpp
  PushButton.cpp
  Tab.cpp
  TabWidget.cpp
  TextSettings.cpp
  Validator.cpp
  Widget.cpp
  Generating Code...
  osgdb_serializers_osgui.vcxproj -> C:\Libraries\OSG-3.4.0\bin\osgPlugins-3.4.0\osgdb_serializers_osguid.dll
