  Building Custom Rule C:/Libraries/OSG-3.4.0/src/osgAnimation/CMakeLists.txt
  CMake does not need to re-run because C:/Libraries/OSG-3.4.0/src/osgAnimation/CMakeFiles/generate.stamp is up-to-date.
  Action.cpp
  ActionAnimation.cpp
  ActionBlendIn.cpp
  ActionBlendOut.cpp
  ActionCallback.cpp
  ActionStripAnimation.cpp
  ActionVisitor.cpp
  Animation.cpp
  AnimationManagerBase.cpp
C:\Libraries\OSG-3.4.0\src\osgAnimation\AnimationManagerBase.cpp(65): warning C4589: Constructor of abstract class 'osgAnimation::AnimationManagerBase' ignores initializer for virtual base class 'osg::Callback'
  C:\Libraries\OSG-3.4.0\src\osgAnimation\AnimationManagerBase.cpp(65): note: virtual base classes are only initialized by the most-derived type
  BasicAnimationManager.cpp
  Bone.cpp
  BoneMapVisitor.cpp
  Channel.cpp
  LinkVisitor.cpp
  MorphGeometry.cpp
  RigGeometry.cpp
  RigTransformHardware.cpp
C:\Libraries\OSG-3.4.0\src\osgAnimation\RigTransformHardware.cpp(84): warning C4456: declaration of 'it' hides previous local declaration
  C:\Libraries\OSG-3.4.0\src\osgAnimation\RigTransformHardware.cpp(79): note: see declaration of 'it'
  RigTransformSoftware.cpp
  Skeleton.cpp
  StackedMatrixElement.cpp
  Generating Code...
  Compiling...
  StackedQuaternionElement.cpp
  StackedRotateAxisElement.cpp
  StackedScaleElement.cpp
  StackedTransform.cpp
  StackedTranslateElement.cpp
  StatsVisitor.cpp
  StatsHandler.cpp
C:\Libraries\OSG-3.4.0\src\osgAnimation\StatsHandler.cpp(93): warning C4458: declaration of '_pos' hides class member
  C:\Libraries\OSG-3.4.0\src\osgAnimation\StatsHandler.cpp(103): note: see declaration of 'osgAnimation::StatsGraph::_pos'
  Target.cpp
  TimelineAnimationManager.cpp
  Timeline.cpp
  UpdateBone.cpp
  UpdateMaterial.cpp
  UpdateMatrixTransform.cpp
  VertexInfluence.cpp
  Generating Code...
     Creating library C:/Libraries/OSG-3.4.0/lib/osgAnimationd.lib and object C:/Libraries/OSG-3.4.0/lib/osgAnimationd.exp
  osgAnimation.vcxproj -> C:\Libraries\OSG-3.4.0\bin\osg130-osgAnimationd.dll
