   Assembling: inffasx64.asm
  Microsoft (R) Macro Assembler (x64) Version 14.12.25835.0
  Copyright (C) Microsoft Corporation.  All rights reserved.
  
  Microsoft (R) Macro Assembler (x64) Version 14.12.25835.0
  Copyright (C) Microsoft Corporation.  All rights reserved.
  
   Assembling: gvmat64.asm
  adler32.c
  compress.c
  crc32.c
  deflate.c
  Assembler code may have bugs -- use at your own risk
  gzclose.c
  gzlib.c
  gzread.c
..\..\..\gzread.c(319): warning C4267: '=': conversion from 'size_t' to 'unsigned int', possible loss of data
..\..\..\gzread.c(400): warning C4267: '=': conversion from 'size_t' to 'unsigned int', possible loss of data
..\..\..\gzread.c(472): warning C4267: '=': conversion from 'size_t' to 'int', possible loss of data
  gzwrite.c
..\..\..\gzwrite.c(212): warning C4267: '=': conversion from 'size_t' to 'unsigned int', possible loss of data
..\..\..\gzwrite.c(232): warning C4267: '=': conversion from 'size_t' to 'unsigned int', possible loss of data
..\..\..\gzwrite.c(371): warning C4267: '=': conversion from 'size_t' to 'int', possible loss of data
  infback.c
  inffas8664.c
  inffast.c
  Assembler code may have bugs -- use at your own risk
  inflate.c
  inftrees.c
  ioapi.c
  iowin32.c
..\..\minizip\iowin32.c(31): warning C4067: unexpected tokens following preprocessor directive - expected a newline
  trees.c
  uncompr.c
  unzip.c
  zip.c
  zutil.c
  Generating Code...
     Creating library x64\ZlibDllDebug\zlibwapi.lib and object x64\ZlibDllDebug\zlibwapi.exp
  zlibvc.vcxproj -> C:\Libraries\3rdPartyLibs\zlib-1.2.11\contrib\vstudio\vc15\x64\ZlibDllDebug\zlibwapi.dll
