  Building Custom Rule C:/Libraries/3rdPartyLibs/zlib-1.2.11_64/CMakeLists.txt
  CMake does not need to re-run because C:/Libraries/3rdPartyLibs/zlib-1.2.11_64/CMakeFiles/generate.stamp is up-to-date.
  adler32.c
  compress.c
  crc32.c
  deflate.c
  gzclose.c
  gzlib.c
  gzread.c
C:\Libraries\3rdPartyLibs\zlib-1.2.11_64\gzread.c(319): warning C4267: '=': conversion from 'size_t' to 'unsigned int', possible loss of data
C:\Libraries\3rdPartyLibs\zlib-1.2.11_64\gzread.c(400): warning C4267: '=': conversion from 'size_t' to 'unsigned int', possible loss of data
C:\Libraries\3rdPartyLibs\zlib-1.2.11_64\gzread.c(472): warning C4267: '=': conversion from 'size_t' to 'int', possible loss of data
  gzwrite.c
C:\Libraries\3rdPartyLibs\zlib-1.2.11_64\gzwrite.c(212): warning C4267: '=': conversion from 'size_t' to 'unsigned int', possible loss of data
C:\Libraries\3rdPartyLibs\zlib-1.2.11_64\gzwrite.c(232): warning C4267: '=': conversion from 'size_t' to 'unsigned int', possible loss of data
C:\Libraries\3rdPartyLibs\zlib-1.2.11_64\gzwrite.c(371): warning C4267: '=': conversion from 'size_t' to 'int', possible loss of data
  inflate.c
  infback.c
  inftrees.c
  inffast.c
  trees.c
  uncompr.c
  zutil.c
  Generating Code...
  zlibstatic.vcxproj -> C:\Libraries\3rdPartyLibs\zlib-1.2.11_64\Release\zlibstatic.lib
