  Building Custom Rule C:/Libraries/OSG-3.4.0_64/src/osgPlugins/osc/CMakeLists.txt
  CMake does not need to re-run because C:/Libraries/OSG-3.4.0_64/src/osgPlugins/osc/CMakeFiles/generate.stamp is up-to-date.
  IpEndpointName.cpp
  OscOutboundPacketStream.cpp
  OscPrintReceivedElements.cpp
C:\Libraries\OSG-3.4.0_64\src\osgPlugins\osc\osc\OscPrintReceivedElements.cpp(211): warning C4457: declaration of 'b' hides function parameter
  C:\Libraries\OSG-3.4.0_64\src\osgPlugins\osc\osc\OscPrintReceivedElements.cpp(193): note: see declaration of 'b'
  OscReceivedElements.cpp
  OscTypes.cpp
  OscReceivingDevice.cpp
  OscSendingDevice.cpp
  ReaderWriterOscDevice.cpp
  NetworkingUtils.cpp
C:\Libraries\OSG-3.4.0_64\src\osgPlugins\osc\ip\win32\NetworkingUtils.cpp(80): warning C4996: 'gethostbyname': Use getaddrinfo() or GetAddrInfoW() instead or define _WINSOCK_DEPRECATED_NO_WARNINGS to disable deprecated API warnings
  C:\Program Files (x86)\Windows Kits\10\Include\10.0.16299.0\um\winsock2.h(2218): note: see declaration of 'gethostbyname'
  UdpSocket.cpp
C:\Libraries\OSG-3.4.0_64\src\osgPlugins\osc\ip\win32\UdpSocket.cpp(401): warning C4456: declaration of 'currentTimeMs' hides previous local declaration
  C:\Libraries\OSG-3.4.0_64\src\osgPlugins\osc\ip\win32\UdpSocket.cpp(386): note: see declaration of 'currentTimeMs'
  Generating Code...
  osgdb_osc.vcxproj -> C:\Libraries\OSG-3.4.0_64\bin\osgPlugins-3.4.0\osgdb_oscd.dll
