  adler32.c
c1 : fatal error C1083: Cannot open source file: '..\..\..\..\zlib-1.2.8\adler32.c': No such file or directory
  compress.c
c1 : fatal error C1083: Cannot open source file: '..\..\..\..\zlib-1.2.8\compress.c': No such file or directory
  crc32.c
c1 : fatal error C1083: Cannot open source file: '..\..\..\..\zlib-1.2.8\crc32.c': No such file or directory
  deflate.c
c1 : fatal error C1083: Cannot open source file: '..\..\..\..\zlib-1.2.8\deflate.c': No such file or directory
  infback.c
c1 : fatal error C1083: Cannot open source file: '..\..\..\..\zlib-1.2.8\infback.c': No such file or directory
  inffast.c
c1 : fatal error C1083: Cannot open source file: '..\..\..\..\zlib-1.2.8\inffast.c': No such file or directory
  inflate.c
c1 : fatal error C1083: Cannot open source file: '..\..\..\..\zlib-1.2.8\inflate.c': No such file or directory
  inftrees.c
c1 : fatal error C1083: Cannot open source file: '..\..\..\..\zlib-1.2.8\inftrees.c': No such file or directory
  trees.c
c1 : fatal error C1083: Cannot open source file: '..\..\..\..\zlib-1.2.8\trees.c': No such file or directory
  uncompr.c
c1 : fatal error C1083: Cannot open source file: '..\..\..\..\zlib-1.2.8\uncompr.c': No such file or directory
  zutil.c
c1 : fatal error C1083: Cannot open source file: '..\..\..\..\zlib-1.2.8\zutil.c': No such file or directory
  Generating Code...
