c:\libraries\osg-3.4.0\src\osgplugins\freetype\osgdb_freetype.dir\debug\vc141.pdb
c:\libraries\osg-3.4.0\src\osgplugins\freetype\osgdb_freetype.dir\debug\readerwriterfreetype.obj
c:\libraries\osg-3.4.0\src\osgplugins\freetype\osgdb_freetype.dir\debug\freetypelibrary.obj
c:\libraries\osg-3.4.0\src\osgplugins\freetype\osgdb_freetype.dir\debug\freetypefont.obj
c:\libraries\osg-3.4.0\src\osgplugins\freetype\cmakefiles\generate.stamp
c:\libraries\osg-3.4.0\src\osgplugins\freetype\osgdb_freetype.dir\debug\openscenegraphversioninfo.res
c:\libraries\osg-3.4.0\bin\osgplugins-3.4.0\osgdb_freetyped.pdb
c:\libraries\osg-3.4.0\src\osgplugins\freetype\osgdb_freetype.dir\debug\plugins freetype.tlog\cl.command.1.tlog
c:\libraries\osg-3.4.0\src\osgplugins\freetype\osgdb_freetype.dir\debug\plugins freetype.tlog\cl.read.1.tlog
c:\libraries\osg-3.4.0\src\osgplugins\freetype\osgdb_freetype.dir\debug\plugins freetype.tlog\cl.write.1.tlog
c:\libraries\osg-3.4.0\src\osgplugins\freetype\osgdb_freetype.dir\debug\plugins freetype.tlog\custombuild.command.1.tlog
c:\libraries\osg-3.4.0\src\osgplugins\freetype\osgdb_freetype.dir\debug\plugins freetype.tlog\custombuild.read.1.tlog
c:\libraries\osg-3.4.0\src\osgplugins\freetype\osgdb_freetype.dir\debug\plugins freetype.tlog\custombuild.write.1.tlog
c:\libraries\osg-3.4.0\src\osgplugins\freetype\osgdb_freetype.dir\debug\plugins freetype.tlog\link-cvtres.read.1.tlog
c:\libraries\osg-3.4.0\src\osgplugins\freetype\osgdb_freetype.dir\debug\plugins freetype.tlog\link-cvtres.write.1.tlog
c:\libraries\osg-3.4.0\src\osgplugins\freetype\osgdb_freetype.dir\debug\plugins freetype.tlog\link-rc.read.1.tlog
c:\libraries\osg-3.4.0\src\osgplugins\freetype\osgdb_freetype.dir\debug\plugins freetype.tlog\link-rc.write.1.tlog
c:\libraries\osg-3.4.0\src\osgplugins\freetype\osgdb_freetype.dir\debug\plugins freetype.tlog\link.command.1.tlog
c:\libraries\osg-3.4.0\src\osgplugins\freetype\osgdb_freetype.dir\debug\plugins freetype.tlog\link.read.1.tlog
c:\libraries\osg-3.4.0\src\osgplugins\freetype\osgdb_freetype.dir\debug\plugins freetype.tlog\link.write.1.tlog
c:\libraries\osg-3.4.0\src\osgplugins\freetype\osgdb_freetype.dir\debug\plugins freetype.tlog\rc.command.1.tlog
c:\libraries\osg-3.4.0\src\osgplugins\freetype\osgdb_freetype.dir\debug\plugins freetype.tlog\rc.read.1.tlog
c:\libraries\osg-3.4.0\src\osgplugins\freetype\osgdb_freetype.dir\debug\plugins freetype.tlog\rc.write.1.tlog
