  Building Custom Rule C:/Libraries/3rdPartyLibs/tiff-4.0.9_64/tools/CMakeLists.txt
  CMake does not need to re-run because C:/Libraries/3rdPartyLibs/tiff-4.0.9_64/tools/CMakeFiles/generate.stamp is up-to-date.
  tiffcp.c
C:\Libraries\3rdPartyLibs\tiff-4.0.9_64\tools\tiffcp.c(471): warning C4996: 'setbuf': This function or variable may be unsafe. Consider using setvbuf instead. To disable deprecation, use _CRT_SECURE_NO_WARNINGS. See online help for details.
  C:\Program Files (x86)\Windows Kits\10\Include\10.0.16299.0\ucrt\stdio.h(394): note: see declaration of 'setbuf'
C:\Libraries\3rdPartyLibs\tiff-4.0.9_64\tools\tiffcp.c(783): warning C4267: '+=': conversion from 'size_t' to 'int', possible loss of data
C:\Libraries\3rdPartyLibs\tiff-4.0.9_64\tools\tiffcp.c(778): warning C4267: 'initializing': conversion from 'size_t' to 'int', possible loss of data
C:\Libraries\3rdPartyLibs\tiff-4.0.9_64\tools\tiffcp.c(1375): warning C4244: 'function': conversion from 'int64' to 'int', possible loss of data
C:\Libraries\3rdPartyLibs\tiff-4.0.9_64\tools\tiffcp.c(1379): warning C4244: 'function': conversion from 'int64' to 'int', possible loss of data
C:\Libraries\3rdPartyLibs\tiff-4.0.9_64\tools\tiffcp.c(1340): warning C4244: 'initializing': conversion from 'tmsize_t' to 'uint32', possible loss of data
C:\Libraries\3rdPartyLibs\tiff-4.0.9_64\tools\tiffcp.c(1341): warning C4244: 'initializing': conversion from 'tmsize_t' to 'uint32', possible loss of data
C:\Libraries\3rdPartyLibs\tiff-4.0.9_64\tools\tiffcp.c(1392): warning C4244: 'initializing': conversion from 'tmsize_t' to 'uint32', possible loss of data
C:\Libraries\3rdPartyLibs\tiff-4.0.9_64\tools\tiffcp.c(1393): warning C4244: 'initializing': conversion from 'tmsize_t' to 'uint32', possible loss of data
C:\Libraries\3rdPartyLibs\tiff-4.0.9_64\tools\tiffcp.c(1534): warning C4244: 'initializing': conversion from 'tmsize_t' to 'uint32', possible loss of data
C:\Libraries\3rdPartyLibs\tiff-4.0.9_64\tools\tiffcp.c(1535): warning C4244: 'initializing': conversion from 'tmsize_t' to 'uint32', possible loss of data
C:\Libraries\3rdPartyLibs\tiff-4.0.9_64\tools\tiffcp.c(1657): warning C4244: '+=': conversion from 'tsize_t' to 'uint32', possible loss of data
C:\Libraries\3rdPartyLibs\tiff-4.0.9_64\tools\tiffcp.c(1587): warning C4244: 'initializing': conversion from 'tmsize_t' to 'uint32', possible loss of data
C:\Libraries\3rdPartyLibs\tiff-4.0.9_64\tools\tiffcp.c(1589): warning C4244: 'initializing': conversion from 'tmsize_t' to 'uint32', possible loss of data
C:\Libraries\3rdPartyLibs\tiff-4.0.9_64\tools\tiffcp.c(1590): warning C4244: 'initializing': conversion from 'tsize_t' to 'int', possible loss of data
C:\Libraries\3rdPartyLibs\tiff-4.0.9_64\tools\tiffcp.c(1633): warning C4244: 'initializing': conversion from 'tsize_t' to 'int', possible loss of data
  tiffcp.vcxproj -> C:\Libraries\3rdPartyLibs\tiff-4.0.9_64\tools\Release\tiffcp.exe
