  Building Custom Rule C:/Libraries/OSG-3.4.0_64/src/osgGA/CMakeLists.txt
  CMake does not need to re-run because C:/Libraries/OSG-3.4.0_64/src/osgGA/CMakeFiles/generate.stamp is up-to-date.
  AnimationPathManipulator.cpp
  DriveManipulator.cpp
  Device.cpp
  Event.cpp
  EventHandler.cpp
  EventQueue.cpp
  EventVisitor.cpp
  FirstPersonManipulator.cpp
  FlightManipulator.cpp
  GUIEventAdapter.cpp
  GUIEventHandler.cpp
  KeySwitchMatrixManipulator.cpp
  CameraManipulator.cpp
C:\Libraries\OSG-3.4.0_64\src\osgGA\CameraManipulator.cpp(24): warning C4589: Constructor of abstract class 'osgGA::CameraManipulator' ignores initializer for virtual base class 'osg::Callback'
  C:\Libraries\OSG-3.4.0_64\src\osgGA\CameraManipulator.cpp(24): note: virtual base classes are only initialized by the most-derived type
  MultiTouchTrackballManipulator.cpp
  NodeTrackerManipulator.cpp
  OrbitManipulator.cpp
C:\Libraries\OSG-3.4.0_64\src\osgGA\OrbitManipulator.cpp(453): warning C4456: declaration of 'scale' hides previous local declaration
  C:\Libraries\OSG-3.4.0_64\src\osgGA\OrbitManipulator.cpp(436): note: see declaration of 'scale'
  StandardManipulator.cpp
C:\Libraries\OSG-3.4.0_64\src\osgGA\StandardManipulator.cpp(51): warning C4589: Constructor of abstract class 'osgGA::StandardManipulator' ignores initializer for virtual base class 'osg::Callback'
  C:\Libraries\OSG-3.4.0_64\src\osgGA\StandardManipulator.cpp(51): note: virtual base classes are only initialized by the most-derived type
  SphericalManipulator.cpp
  StateSetManipulator.cpp
  TerrainManipulator.cpp
  Generating Code...
  Compiling...
  TrackballManipulator.cpp
  UFOManipulator.cpp
  Widget.cpp
  Version.cpp
  CameraViewSwitchManipulator.cpp
  Generating Code...
     Creating library C:/Libraries/OSG-3.4.0_64/lib/osgGA.lib and object C:/Libraries/OSG-3.4.0_64/lib/osgGA.exp
  osgGA.vcxproj -> C:\Libraries\OSG-3.4.0_64\bin\osg130-osgGA.dll
