  Building Custom Rule C:/Libraries/OSG-3.4.0/src/osgPlugins/ive/CMakeLists.txt
  CMake does not need to re-run because C:/Libraries/OSG-3.4.0/src/osgPlugins/ive/CMakeFiles/generate.stamp is up-to-date.
  AlphaFunc.cpp
  AnimationPathCallback.cpp
  AnimationPath.cpp
  AnisotropicLighting.cpp
  AutoTransform.cpp
  AzimElevationSector.cpp
  AzimSector.cpp
  Billboard.cpp
  BlendColor.cpp
  BlendEquation.cpp
  BlendFunc.cpp
  BlinkSequence.cpp
  BumpMapping.cpp
  Camera.cpp
  CameraView.cpp
  Cartoon.cpp
  ClipNode.cpp
  ClipPlane.cpp
  ClusterCullingCallback.cpp
  ColorMask.cpp
  Generating Code...
  Compiling...
  CompositeLayer.cpp
  ConeSector.cpp
  ConvexPlanarOccluder.cpp
C:\Libraries\OSG-3.4.0\src\osgPlugins\ive\ConvexPlanarOccluder.cpp(68): warning C4456: declaration of 'cpp' hides previous local declaration
  C:\Libraries\OSG-3.4.0\src\osgPlugins\ive\ConvexPlanarOccluder.cpp(62): note: see declaration of 'cpp'
  ConvexPlanarPolygon.cpp
  CoordinateSystemNode.cpp
  CullFace.cpp
  DataInputStream.cpp
  DataOutputStream.cpp
  Depth.cpp
  DirectionalSector.cpp
  DOFTransform.cpp
  Drawable.cpp
  DrawArrayLengths.cpp
  DrawArrays.cpp
  DrawElementsUByte.cpp
  DrawElementsUInt.cpp
  DrawElementsUShort.cpp
  Effect.cpp
  ElevationSector.cpp
  EllipsoidModel.cpp
  Generating Code...
  Compiling...
  Exception.cpp
  FadeText.cpp
  Fog.cpp
  FragmentProgram.cpp
  FrontFace.cpp
  Geode.cpp
  Geometry.cpp
  Group.cpp
  HeightFieldLayer.cpp
  Image.cpp
C:\Libraries\OSG-3.4.0\src\osgPlugins\ive\Image.cpp(72): warning C4456: declaration of 'size' hides previous local declaration
  C:\Libraries\OSG-3.4.0\src\osgPlugins\ive\Image.cpp(62): note: see declaration of 'size'
  ImageLayer.cpp
  ImageSequence.cpp
  Impostor.cpp
  Layer.cpp
  Light.cpp
  LightModel.cpp
  LightPoint.cpp
  LightPointNode.cpp
  LightSource.cpp
  LineStipple.cpp
  Generating Code...
  Compiling...
  LineWidth.cpp
  Locator.cpp
  LOD.cpp
  Material.cpp
  MatrixTransform.cpp
  Multisample.cpp
  MultiSwitch.cpp
  MultiTextureControl.cpp
  Node.cpp
  Object.cpp
  OccluderNode.cpp
  OcclusionQueryNode.cpp
  PagedLOD.cpp
  Point.cpp
  PointSprite.cpp
  PolygonMode.cpp
  PolygonOffset.cpp
  PolygonStipple.cpp
  PositionAttitudeTransform.cpp
  PrimitiveSet.cpp
  Generating Code...
  Compiling...
  Program.cpp
  ProxyNode.cpp
C:\Libraries\OSG-3.4.0\src\osgPlugins\ive\ProxyNode.cpp(208): warning C4456: declaration of 'node' hides previous local declaration
  C:\Libraries\OSG-3.4.0\src\osgPlugins\ive\ProxyNode.cpp(158): note: see declaration of 'node'
  ReaderWriterIVE.cpp
  Scissor.cpp
  Scribe.cpp
  Sequence.cpp
  ShadeModel.cpp
  Shader.cpp
  ShapeAttributeList.cpp
  Shape.cpp
  ShapeDrawable.cpp
  SpecularHighlights.cpp
  StateSet.cpp
  Stencil.cpp
  StencilTwoSided.cpp
  Switch.cpp
  SwitchLayer.cpp
  Terrain.cpp
  TerrainTile.cpp
  TexEnvCombine.cpp
  Generating Code...
  Compiling...
  TexEnv.cpp
  TexGen.cpp
  TexGenNode.cpp
  TexMat.cpp
  Text3D.cpp
  Text.cpp
  Texture1D.cpp
  Texture2D.cpp
  Texture2DArray.cpp
  Texture3D.cpp
  Texture.cpp
  TextureCubeMap.cpp
  TextureRectangle.cpp
  Transform.cpp
  Uniform.cpp
  VertexProgram.cpp
  Viewport.cpp
  VisibilityGroup.cpp
  VolumeCompositeLayer.cpp
  VolumeCompositeProperty.cpp
  Generating Code...
  Compiling...
  VolumeSwitchProperty.cpp
  VolumeScalarProperty.cpp
  VolumeTransferFunctionProperty.cpp
  VolumePropertyAdjustmentCallback.cpp
  Volume.cpp
  VolumeImageLayer.cpp
  VolumeLayer.cpp
  VolumeLocator.cpp
  VolumeTile.cpp
  Generating Code...
  zlib.lib(inflate.obj) : MSIL .netmodule or module compiled with /GL found; restarting link with /LTCG; add /LTCG to the link command line to improve linker performance
  Generating code
  Finished generating code
  osgdb_ive.vcxproj -> C:\Libraries\OSG-3.4.0\bin\osgPlugins-3.4.0\osgdb_ive.dll
