  Building Custom Rule C:/Libraries/OSG-3.4.0/src/osgPlugins/3ds/CMakeLists.txt
  CMake does not need to re-run because C:/Libraries/OSG-3.4.0/src/osgPlugins/3ds/CMakeFiles/generate.stamp is up-to-date.
  ReaderWriter3DS.cpp
  WriterNodeVisitor.cpp
  WriterCompareTriangle.cpp
C:\Libraries\OSG-3.4.0\src\osgPlugins\3ds\WriterCompareTriangle.cpp(20): warning C4456: declaration of 'g' hides previous local declaration
  C:\Libraries\OSG-3.4.0\src\osgPlugins\3ds\WriterCompareTriangle.cpp(13): note: see declaration of 'g'
  lib3ds_io.c
  Generating Code...
  lib3ds_atmosphere.c
C:\Libraries\OSG-3.4.0\src\osgPlugins\3ds\lib3ds\lib3ds_atmosphere.c(178): warning C4456: declaration of 'c' hides previous local declaration
  C:\Libraries\OSG-3.4.0\src\osgPlugins\3ds\lib3ds\lib3ds_atmosphere.c(169): note: see declaration of 'c'
C:\Libraries\OSG-3.4.0\src\osgPlugins\3ds\lib3ds\lib3ds_atmosphere.c(185): warning C4456: declaration of 'c' hides previous local declaration
  C:\Libraries\OSG-3.4.0\src\osgPlugins\3ds\lib3ds\lib3ds_atmosphere.c(169): note: see declaration of 'c'
C:\Libraries\OSG-3.4.0\src\osgPlugins\3ds\lib3ds\lib3ds_atmosphere.c(204): warning C4456: declaration of 'c' hides previous local declaration
  C:\Libraries\OSG-3.4.0\src\osgPlugins\3ds\lib3ds\lib3ds_atmosphere.c(195): note: see declaration of 'c'
C:\Libraries\OSG-3.4.0\src\osgPlugins\3ds\lib3ds\lib3ds_atmosphere.c(222): warning C4456: declaration of 'c' hides previous local declaration
  C:\Libraries\OSG-3.4.0\src\osgPlugins\3ds\lib3ds\lib3ds_atmosphere.c(213): note: see declaration of 'c'
  lib3ds_background.c
  lib3ds_camera.c
C:\Libraries\OSG-3.4.0\src\osgPlugins\3ds\lib3ds\lib3ds_camera.c(149): warning C4456: declaration of 'c' hides previous local declaration
  C:\Libraries\OSG-3.4.0\src\osgPlugins\3ds\lib3ds\lib3ds_camera.c(134): note: see declaration of 'c'
C:\Libraries\OSG-3.4.0\src\osgPlugins\3ds\lib3ds\lib3ds_camera.c(155): warning C4456: declaration of 'c' hides previous local declaration
  C:\Libraries\OSG-3.4.0\src\osgPlugins\3ds\lib3ds\lib3ds_camera.c(134): note: see declaration of 'c'
  lib3ds_chunk.c
  lib3ds_chunktable.c
  lib3ds_file.c
C:\Libraries\OSG-3.4.0\src\osgPlugins\3ds\lib3ds\lib3ds_file.c(721): warning C4456: declaration of 'c' hides previous local declaration
  C:\Libraries\OSG-3.4.0\src\osgPlugins\3ds\lib3ds\lib3ds_file.c(715): note: see declaration of 'c'
C:\Libraries\OSG-3.4.0\src\osgPlugins\3ds\lib3ds\lib3ds_file.c(728): warning C4456: declaration of 'c' hides previous local declaration
  C:\Libraries\OSG-3.4.0\src\osgPlugins\3ds\lib3ds\lib3ds_file.c(715): note: see declaration of 'c'
C:\Libraries\OSG-3.4.0\src\osgPlugins\3ds\lib3ds\lib3ds_file.c(742): warning C4456: declaration of 'c' hides previous local declaration
  C:\Libraries\OSG-3.4.0\src\osgPlugins\3ds\lib3ds\lib3ds_file.c(715): note: see declaration of 'c'
C:\Libraries\OSG-3.4.0\src\osgPlugins\3ds\lib3ds\lib3ds_file.c(758): warning C4456: declaration of 'c' hides previous local declaration
  C:\Libraries\OSG-3.4.0\src\osgPlugins\3ds\lib3ds\lib3ds_file.c(715): note: see declaration of 'c'
C:\Libraries\OSG-3.4.0\src\osgPlugins\3ds\lib3ds\lib3ds_file.c(776): warning C4456: declaration of 'c' hides previous local declaration
  C:\Libraries\OSG-3.4.0\src\osgPlugins\3ds\lib3ds\lib3ds_file.c(715): note: see declaration of 'c'
C:\Libraries\OSG-3.4.0\src\osgPlugins\3ds\lib3ds\lib3ds_file.c(789): warning C4456: declaration of 'c' hides previous local declaration
  C:\Libraries\OSG-3.4.0\src\osgPlugins\3ds\lib3ds\lib3ds_file.c(715): note: see declaration of 'c'
C:\Libraries\OSG-3.4.0\src\osgPlugins\3ds\lib3ds\lib3ds_file.c(802): warning C4456: declaration of 'c' hides previous local declaration
  C:\Libraries\OSG-3.4.0\src\osgPlugins\3ds\lib3ds\lib3ds_file.c(715): note: see declaration of 'c'
C:\Libraries\OSG-3.4.0\src\osgPlugins\3ds\lib3ds\lib3ds_file.c(850): warning C4456: declaration of 'c' hides previous local declaration
  C:\Libraries\OSG-3.4.0\src\osgPlugins\3ds\lib3ds\lib3ds_file.c(840): note: see declaration of 'c'
C:\Libraries\OSG-3.4.0\src\osgPlugins\3ds\lib3ds\lib3ds_file.c(859): warning C4456: declaration of 'c' hides previous local declaration
  C:\Libraries\OSG-3.4.0\src\osgPlugins\3ds\lib3ds\lib3ds_file.c(840): note: see declaration of 'c'
C:\Libraries\OSG-3.4.0\src\osgPlugins\3ds\lib3ds\lib3ds_file.c(867): warning C4456: declaration of 'c' hides previous local declaration
  C:\Libraries\OSG-3.4.0\src\osgPlugins\3ds\lib3ds\lib3ds_file.c(840): note: see declaration of 'c'
C:\Libraries\OSG-3.4.0\src\osgPlugins\3ds\lib3ds\lib3ds_file.c(909): warning C4456: declaration of 'c' hides previous local declaration
  C:\Libraries\OSG-3.4.0\src\osgPlugins\3ds\lib3ds\lib3ds_file.c(894): note: see declaration of 'c'
  lib3ds_light.c
C:\Libraries\OSG-3.4.0\src\osgPlugins\3ds\lib3ds\lib3ds_light.c(198): warning C4456: declaration of 'c' hides previous local declaration
  C:\Libraries\OSG-3.4.0\src\osgPlugins\3ds\lib3ds\lib3ds_light.c(191): note: see declaration of 'c'
C:\Libraries\OSG-3.4.0\src\osgPlugins\3ds\lib3ds\lib3ds_light.c(205): warning C4456: declaration of 'c' hides previous local declaration
  C:\Libraries\OSG-3.4.0\src\osgPlugins\3ds\lib3ds\lib3ds_light.c(191): note: see declaration of 'c'
C:\Libraries\OSG-3.4.0\src\osgPlugins\3ds\lib3ds\lib3ds_light.c(211): warning C4456: declaration of 'c' hides previous local declaration
  C:\Libraries\OSG-3.4.0\src\osgPlugins\3ds\lib3ds\lib3ds_light.c(191): note: see declaration of 'c'
C:\Libraries\OSG-3.4.0\src\osgPlugins\3ds\lib3ds\lib3ds_light.c(218): warning C4456: declaration of 'c' hides previous local declaration
  C:\Libraries\OSG-3.4.0\src\osgPlugins\3ds\lib3ds\lib3ds_light.c(191): note: see declaration of 'c'
C:\Libraries\OSG-3.4.0\src\osgPlugins\3ds\lib3ds\lib3ds_light.c(225): warning C4456: declaration of 'c' hides previous local declaration
  C:\Libraries\OSG-3.4.0\src\osgPlugins\3ds\lib3ds\lib3ds_light.c(191): note: see declaration of 'c'
C:\Libraries\OSG-3.4.0\src\osgPlugins\3ds\lib3ds\lib3ds_light.c(232): warning C4456: declaration of 'c' hides previous local declaration
  C:\Libraries\OSG-3.4.0\src\osgPlugins\3ds\lib3ds\lib3ds_light.c(191): note: see declaration of 'c'
C:\Libraries\OSG-3.4.0\src\osgPlugins\3ds\lib3ds\lib3ds_light.c(239): warning C4456: declaration of 'c' hides previous local declaration
  C:\Libraries\OSG-3.4.0\src\osgPlugins\3ds\lib3ds\lib3ds_light.c(191): note: see declaration of 'c'
C:\Libraries\OSG-3.4.0\src\osgPlugins\3ds\lib3ds\lib3ds_light.c(249): warning C4456: declaration of 'c' hides previous local declaration
  C:\Libraries\OSG-3.4.0\src\osgPlugins\3ds\lib3ds\lib3ds_light.c(239): note: see declaration of 'c'
C:\Libraries\OSG-3.4.0\src\osgPlugins\3ds\lib3ds\lib3ds_light.c(256): warning C4456: declaration of 'c' hides previous local declaration
  C:\Libraries\OSG-3.4.0\src\osgPlugins\3ds\lib3ds\lib3ds_light.c(239): note: see declaration of 'c'
C:\Libraries\OSG-3.4.0\src\osgPlugins\3ds\lib3ds\lib3ds_light.c(264): warning C4456: declaration of 'c' hides previous local declaration
  C:\Libraries\OSG-3.4.0\src\osgPlugins\3ds\lib3ds\lib3ds_light.c(239): note: see declaration of 'c'
C:\Libraries\OSG-3.4.0\src\osgPlugins\3ds\lib3ds\lib3ds_light.c(273): warning C4456: declaration of 'c' hides previous local declaration
  C:\Libraries\OSG-3.4.0\src\osgPlugins\3ds\lib3ds\lib3ds_light.c(239): note: see declaration of 'c'
C:\Libraries\OSG-3.4.0\src\osgPlugins\3ds\lib3ds\lib3ds_light.c(279): warning C4456: declaration of 'c' hides previous local declaration
  C:\Libraries\OSG-3.4.0\src\osgPlugins\3ds\lib3ds\lib3ds_light.c(239): note: see declaration of 'c'
C:\Libraries\OSG-3.4.0\src\osgPlugins\3ds\lib3ds\lib3ds_light.c(285): warning C4456: declaration of 'c' hides previous local declaration
  C:\Libraries\OSG-3.4.0\src\osgPlugins\3ds\lib3ds\lib3ds_light.c(239): note: see declaration of 'c'
C:\Libraries\OSG-3.4.0\src\osgPlugins\3ds\lib3ds\lib3ds_light.c(292): warning C4456: declaration of 'c' hides previous local declaration
  C:\Libraries\OSG-3.4.0\src\osgPlugins\3ds\lib3ds\lib3ds_light.c(239): note: see declaration of 'c'
C:\Libraries\OSG-3.4.0\src\osgPlugins\3ds\lib3ds\lib3ds_light.c(299): warning C4456: declaration of 'c' hides previous local declaration
  C:\Libraries\OSG-3.4.0\src\osgPlugins\3ds\lib3ds\lib3ds_light.c(239): note: see declaration of 'c'
C:\Libraries\OSG-3.4.0\src\osgPlugins\3ds\lib3ds\lib3ds_light.c(305): warning C4456: declaration of 'c' hides previous local declaration
  C:\Libraries\OSG-3.4.0\src\osgPlugins\3ds\lib3ds\lib3ds_light.c(239): note: see declaration of 'c'
C:\Libraries\OSG-3.4.0\src\osgPlugins\3ds\lib3ds\lib3ds_light.c(312): warning C4456: declaration of 'c' hides previous local declaration
  C:\Libraries\OSG-3.4.0\src\osgPlugins\3ds\lib3ds\lib3ds_light.c(239): note: see declaration of 'c'
  lib3ds_material.c
C:\Libraries\OSG-3.4.0\src\osgPlugins\3ds\lib3ds\lib3ds_material.c(554): warning C4456: declaration of 'c' hides previous local declaration
  C:\Libraries\OSG-3.4.0\src\osgPlugins\3ds\lib3ds\lib3ds_material.c(543): note: see declaration of 'c'
C:\Libraries\OSG-3.4.0\src\osgPlugins\3ds\lib3ds\lib3ds_material.c(562): warning C4456: declaration of 'c' hides previous local declaration
  C:\Libraries\OSG-3.4.0\src\osgPlugins\3ds\lib3ds\lib3ds_material.c(543): note: see declaration of 'c'
C:\Libraries\OSG-3.4.0\src\osgPlugins\3ds\lib3ds\lib3ds_material.c(570): warning C4456: declaration of 'c' hides previous local declaration
  C:\Libraries\OSG-3.4.0\src\osgPlugins\3ds\lib3ds\lib3ds_material.c(543): note: see declaration of 'c'
C:\Libraries\OSG-3.4.0\src\osgPlugins\3ds\lib3ds\lib3ds_material.c(578): warning C4456: declaration of 'c' hides previous local declaration
  C:\Libraries\OSG-3.4.0\src\osgPlugins\3ds\lib3ds\lib3ds_material.c(543): note: see declaration of 'c'
C:\Libraries\OSG-3.4.0\src\osgPlugins\3ds\lib3ds\lib3ds_material.c(586): warning C4456: declaration of 'c' hides previous local declaration
  C:\Libraries\OSG-3.4.0\src\osgPlugins\3ds\lib3ds\lib3ds_material.c(543): note: see declaration of 'c'
C:\Libraries\OSG-3.4.0\src\osgPlugins\3ds\lib3ds\lib3ds_material.c(594): warning C4456: declaration of 'c' hides previous local declaration
  C:\Libraries\OSG-3.4.0\src\osgPlugins\3ds\lib3ds\lib3ds_material.c(543): note: see declaration of 'c'
C:\Libraries\OSG-3.4.0\src\osgPlugins\3ds\lib3ds\lib3ds_material.c(602): warning C4456: declaration of 'c' hides previous local declaration
  C:\Libraries\OSG-3.4.0\src\osgPlugins\3ds\lib3ds\lib3ds_material.c(543): note: see declaration of 'c'
C:\Libraries\OSG-3.4.0\src\osgPlugins\3ds\lib3ds\lib3ds_material.c(610): warning C4456: declaration of 'c' hides previous local declaration
  C:\Libraries\OSG-3.4.0\src\osgPlugins\3ds\lib3ds\lib3ds_material.c(543): note: see declaration of 'c'
C:\Libraries\OSG-3.4.0\src\osgPlugins\3ds\lib3ds\lib3ds_material.c(618): warning C4456: declaration of 'c' hides previous local declaration
  C:\Libraries\OSG-3.4.0\src\osgPlugins\3ds\lib3ds\lib3ds_material.c(543): note: see declaration of 'c'
C:\Libraries\OSG-3.4.0\src\osgPlugins\3ds\lib3ds\lib3ds_material.c(628): warning C4456: declaration of 'c' hides previous local declaration
  C:\Libraries\OSG-3.4.0\src\osgPlugins\3ds\lib3ds\lib3ds_material.c(543): note: see declaration of 'c'
C:\Libraries\OSG-3.4.0\src\osgPlugins\3ds\lib3ds\lib3ds_material.c(638): warning C4456: declaration of 'c' hides previous local declaration
  C:\Libraries\OSG-3.4.0\src\osgPlugins\3ds\lib3ds\lib3ds_material.c(543): note: see declaration of 'c'
C:\Libraries\OSG-3.4.0\src\osgPlugins\3ds\lib3ds\lib3ds_material.c(648): warning C4456: declaration of 'c' hides previous local declaration
  C:\Libraries\OSG-3.4.0\src\osgPlugins\3ds\lib3ds\lib3ds_material.c(543): note: see declaration of 'c'
C:\Libraries\OSG-3.4.0\src\osgPlugins\3ds\lib3ds\lib3ds_material.c(658): warning C4456: declaration of 'c' hides previous local declaration
  C:\Libraries\OSG-3.4.0\src\osgPlugins\3ds\lib3ds\lib3ds_material.c(543): note: see declaration of 'c'
C:\Libraries\OSG-3.4.0\src\osgPlugins\3ds\lib3ds\lib3ds_material.c(679): warning C4456: declaration of 'c' hides previous local declaration
  C:\Libraries\OSG-3.4.0\src\osgPlugins\3ds\lib3ds\lib3ds_material.c(673): note: see declaration of 'c'
C:\Libraries\OSG-3.4.0\src\osgPlugins\3ds\lib3ds\lib3ds_material.c(687): warning C4456: declaration of 'c' hides previous local declaration
  C:\Libraries\OSG-3.4.0\src\osgPlugins\3ds\lib3ds\lib3ds_material.c(673): note: see declaration of 'c'
C:\Libraries\OSG-3.4.0\src\osgPlugins\3ds\lib3ds\lib3ds_material.c(695): warning C4456: declaration of 'c' hides previous local declaration
  C:\Libraries\OSG-3.4.0\src\osgPlugins\3ds\lib3ds\lib3ds_material.c(673): note: see declaration of 'c'
C:\Libraries\OSG-3.4.0\src\osgPlugins\3ds\lib3ds\lib3ds_material.c(703): warning C4456: declaration of 'c' hides previous local declaration
  C:\Libraries\OSG-3.4.0\src\osgPlugins\3ds\lib3ds\lib3ds_material.c(673): note: see declaration of 'c'
C:\Libraries\OSG-3.4.0\src\osgPlugins\3ds\lib3ds\lib3ds_material.c(711): warning C4456: declaration of 'c' hides previous local declaration
  C:\Libraries\OSG-3.4.0\src\osgPlugins\3ds\lib3ds\lib3ds_material.c(673): note: see declaration of 'c'
C:\Libraries\OSG-3.4.0\src\osgPlugins\3ds\lib3ds\lib3ds_material.c(719): warning C4456: declaration of 'c' hides previous local declaration
  C:\Libraries\OSG-3.4.0\src\osgPlugins\3ds\lib3ds\lib3ds_material.c(673): note: see declaration of 'c'
C:\Libraries\OSG-3.4.0\src\osgPlugins\3ds\lib3ds\lib3ds_material.c(727): warning C4456: declaration of 'c' hides previous local declaration
  C:\Libraries\OSG-3.4.0\src\osgPlugins\3ds\lib3ds\lib3ds_material.c(673): note: see declaration of 'c'
C:\Libraries\OSG-3.4.0\src\osgPlugins\3ds\lib3ds\lib3ds_material.c(735): warning C4456: declaration of 'c' hides previous local declaration
  C:\Libraries\OSG-3.4.0\src\osgPlugins\3ds\lib3ds\lib3ds_material.c(673): note: see declaration of 'c'
C:\Libraries\OSG-3.4.0\src\osgPlugins\3ds\lib3ds\lib3ds_material.c(743): warning C4456: declaration of 'c' hides previous local declaration
  C:\Libraries\OSG-3.4.0\src\osgPlugins\3ds\lib3ds\lib3ds_material.c(673): note: see declaration of 'c'
C:\Libraries\OSG-3.4.0\src\osgPlugins\3ds\lib3ds\lib3ds_material.c(750): warning C4456: declaration of 'c' hides previous local declaration
  C:\Libraries\OSG-3.4.0\src\osgPlugins\3ds\lib3ds\lib3ds_material.c(673): note: see declaration of 'c'
C:\Libraries\OSG-3.4.0\src\osgPlugins\3ds\lib3ds\lib3ds_material.c(758): warning C4456: declaration of 'c' hides previous local declaration
  C:\Libraries\OSG-3.4.0\src\osgPlugins\3ds\lib3ds\lib3ds_material.c(673): note: see declaration of 'c'
C:\Libraries\OSG-3.4.0\src\osgPlugins\3ds\lib3ds\lib3ds_material.c(766): warning C4456: declaration of 'c' hides previous local declaration
  C:\Libraries\OSG-3.4.0\src\osgPlugins\3ds\lib3ds\lib3ds_material.c(673): note: see declaration of 'c'
C:\Libraries\OSG-3.4.0\src\osgPlugins\3ds\lib3ds\lib3ds_material.c(773): warning C4456: declaration of 'c' hides previous local declaration
  C:\Libraries\OSG-3.4.0\src\osgPlugins\3ds\lib3ds\lib3ds_material.c(673): note: see declaration of 'c'
C:\Libraries\OSG-3.4.0\src\osgPlugins\3ds\lib3ds\lib3ds_material.c(780): warning C4456: declaration of 'c' hides previous local declaration
  C:\Libraries\OSG-3.4.0\src\osgPlugins\3ds\lib3ds\lib3ds_material.c(673): note: see declaration of 'c'
C:\Libraries\OSG-3.4.0\src\osgPlugins\3ds\lib3ds\lib3ds_material.c(787): warning C4456: declaration of 'c' hides previous local declaration
  C:\Libraries\OSG-3.4.0\src\osgPlugins\3ds\lib3ds\lib3ds_material.c(673): note: see declaration of 'c'
C:\Libraries\OSG-3.4.0\src\osgPlugins\3ds\lib3ds\lib3ds_material.c(794): warning C4456: declaration of 'c' hides previous local declaration
  C:\Libraries\OSG-3.4.0\src\osgPlugins\3ds\lib3ds\lib3ds_material.c(673): note: see declaration of 'c'
C:\Libraries\OSG-3.4.0\src\osgPlugins\3ds\lib3ds\lib3ds_material.c(801): warning C4456: declaration of 'c' hides previous local declaration
  C:\Libraries\OSG-3.4.0\src\osgPlugins\3ds\lib3ds\lib3ds_material.c(673): note: see declaration of 'c'
C:\Libraries\OSG-3.4.0\src\osgPlugins\3ds\lib3ds\lib3ds_material.c(808): warning C4456: declaration of 'c' hides previous local declaration
  C:\Libraries\OSG-3.4.0\src\osgPlugins\3ds\lib3ds\lib3ds_material.c(673): note: see declaration of 'c'
C:\Libraries\OSG-3.4.0\src\osgPlugins\3ds\lib3ds\lib3ds_material.c(815): warning C4456: declaration of 'c' hides previous local declaration
  C:\Libraries\OSG-3.4.0\src\osgPlugins\3ds\lib3ds\lib3ds_material.c(673): note: see declaration of 'c'
C:\Libraries\OSG-3.4.0\src\osgPlugins\3ds\lib3ds\lib3ds_material.c(823): warning C4456: declaration of 'c' hides previous local declaration
  C:\Libraries\OSG-3.4.0\src\osgPlugins\3ds\lib3ds\lib3ds_material.c(673): note: see declaration of 'c'
C:\Libraries\OSG-3.4.0\src\osgPlugins\3ds\lib3ds\lib3ds_material.c(830): warning C4456: declaration of 'c' hides previous local declaration
  C:\Libraries\OSG-3.4.0\src\osgPlugins\3ds\lib3ds\lib3ds_material.c(673): note: see declaration of 'c'
C:\Libraries\OSG-3.4.0\src\osgPlugins\3ds\lib3ds\lib3ds_material.c(837): warning C4456: declaration of 'c' hides previous local declaration
  C:\Libraries\OSG-3.4.0\src\osgPlugins\3ds\lib3ds\lib3ds_material.c(673): note: see declaration of 'c'
C:\Libraries\OSG-3.4.0\src\osgPlugins\3ds\lib3ds\lib3ds_material.c(861): warning C4456: declaration of 'c' hides previous local declaration
  C:\Libraries\OSG-3.4.0\src\osgPlugins\3ds\lib3ds\lib3ds_material.c(673): note: see declaration of 'c'
  lib3ds_math.c
  lib3ds_matrix.c
  lib3ds_mesh.c
C:\Libraries\OSG-3.4.0\src\osgPlugins\3ds\lib3ds\lib3ds_mesh.c(263): warning C4456: declaration of 'i' hides previous local declaration
  C:\Libraries\OSG-3.4.0\src\osgPlugins\3ds\lib3ds\lib3ds_mesh.c(241): note: see declaration of 'i'
C:\Libraries\OSG-3.4.0\src\osgPlugins\3ds\lib3ds\lib3ds_mesh.c(283): warning C4456: declaration of 'i' hides previous local declaration
  C:\Libraries\OSG-3.4.0\src\osgPlugins\3ds\lib3ds\lib3ds_mesh.c(241): note: see declaration of 'i'
C:\Libraries\OSG-3.4.0\src\osgPlugins\3ds\lib3ds\lib3ds_mesh.c(511): warning C4456: declaration of 'c' hides previous local declaration
  C:\Libraries\OSG-3.4.0\src\osgPlugins\3ds\lib3ds\lib3ds_mesh.c(489): note: see declaration of 'c'
C:\Libraries\OSG-3.4.0\src\osgPlugins\3ds\lib3ds\lib3ds_mesh.c(548): warning C4456: declaration of 'c' hides previous local declaration
  C:\Libraries\OSG-3.4.0\src\osgPlugins\3ds\lib3ds\lib3ds_mesh.c(489): note: see declaration of 'c'
C:\Libraries\OSG-3.4.0\src\osgPlugins\3ds\lib3ds\lib3ds_mesh.c(562): warning C4456: declaration of 'c' hides previous local declaration
  C:\Libraries\OSG-3.4.0\src\osgPlugins\3ds\lib3ds\lib3ds_mesh.c(489): note: see declaration of 'c'
C:\Libraries\OSG-3.4.0\src\osgPlugins\3ds\lib3ds\lib3ds_mesh.c(621): warning C4456: declaration of 'c' hides previous local declaration
  C:\Libraries\OSG-3.4.0\src\osgPlugins\3ds\lib3ds\lib3ds_mesh.c(612): note: see declaration of 'c'
C:\Libraries\OSG-3.4.0\src\osgPlugins\3ds\lib3ds\lib3ds_mesh.c(651): warning C4456: declaration of 'c' hides previous local declaration
  C:\Libraries\OSG-3.4.0\src\osgPlugins\3ds\lib3ds\lib3ds_mesh.c(612): note: see declaration of 'c'
C:\Libraries\OSG-3.4.0\src\osgPlugins\3ds\lib3ds\lib3ds_mesh.c(665): warning C4456: declaration of 'c' hides previous local declaration
  C:\Libraries\OSG-3.4.0\src\osgPlugins\3ds\lib3ds\lib3ds_mesh.c(612): note: see declaration of 'c'
  lib3ds_node.c
C:\Libraries\OSG-3.4.0\src\osgPlugins\3ds\lib3ds\lib3ds_node.c(837): warning C4456: declaration of 'c' hides previous local declaration
  C:\Libraries\OSG-3.4.0\src\osgPlugins\3ds\lib3ds\lib3ds_node.c(798): note: see declaration of 'c'
C:\Libraries\OSG-3.4.0\src\osgPlugins\3ds\lib3ds\lib3ds_node.c(845): warning C4456: declaration of 'c' hides previous local declaration
  C:\Libraries\OSG-3.4.0\src\osgPlugins\3ds\lib3ds\lib3ds_node.c(798): note: see declaration of 'c'
C:\Libraries\OSG-3.4.0\src\osgPlugins\3ds\lib3ds\lib3ds_node.c(859): warning C4456: declaration of 'c' hides previous local declaration
  C:\Libraries\OSG-3.4.0\src\osgPlugins\3ds\lib3ds\lib3ds_node.c(798): note: see declaration of 'c'
C:\Libraries\OSG-3.4.0\src\osgPlugins\3ds\lib3ds\lib3ds_node.c(871): warning C4456: declaration of 'c' hides previous local declaration
  C:\Libraries\OSG-3.4.0\src\osgPlugins\3ds\lib3ds\lib3ds_node.c(798): note: see declaration of 'c'
C:\Libraries\OSG-3.4.0\src\osgPlugins\3ds\lib3ds\lib3ds_node.c(879): warning C4456: declaration of 'c' hides previous local declaration
  C:\Libraries\OSG-3.4.0\src\osgPlugins\3ds\lib3ds\lib3ds_node.c(798): note: see declaration of 'c'
C:\Libraries\OSG-3.4.0\src\osgPlugins\3ds\lib3ds\lib3ds_node.c(900): warning C4456: declaration of 'c' hides previous local declaration
  C:\Libraries\OSG-3.4.0\src\osgPlugins\3ds\lib3ds\lib3ds_node.c(798): note: see declaration of 'c'
C:\Libraries\OSG-3.4.0\src\osgPlugins\3ds\lib3ds\lib3ds_node.c(910): warning C4456: declaration of 'c' hides previous local declaration
  C:\Libraries\OSG-3.4.0\src\osgPlugins\3ds\lib3ds\lib3ds_node.c(798): note: see declaration of 'c'
C:\Libraries\OSG-3.4.0\src\osgPlugins\3ds\lib3ds\lib3ds_node.c(917): warning C4456: declaration of 'c' hides previous local declaration
  C:\Libraries\OSG-3.4.0\src\osgPlugins\3ds\lib3ds\lib3ds_node.c(798): note: see declaration of 'c'
C:\Libraries\OSG-3.4.0\src\osgPlugins\3ds\lib3ds\lib3ds_node.c(924): warning C4456: declaration of 'c' hides previous local declaration
  C:\Libraries\OSG-3.4.0\src\osgPlugins\3ds\lib3ds\lib3ds_node.c(798): note: see declaration of 'c'
C:\Libraries\OSG-3.4.0\src\osgPlugins\3ds\lib3ds\lib3ds_node.c(931): warning C4456: declaration of 'c' hides previous local declaration
  C:\Libraries\OSG-3.4.0\src\osgPlugins\3ds\lib3ds\lib3ds_node.c(798): note: see declaration of 'c'
C:\Libraries\OSG-3.4.0\src\osgPlugins\3ds\lib3ds\lib3ds_node.c(938): warning C4456: declaration of 'c' hides previous local declaration
  C:\Libraries\OSG-3.4.0\src\osgPlugins\3ds\lib3ds\lib3ds_node.c(798): note: see declaration of 'c'
C:\Libraries\OSG-3.4.0\src\osgPlugins\3ds\lib3ds\lib3ds_node.c(950): warning C4456: declaration of 'c' hides previous local declaration
  C:\Libraries\OSG-3.4.0\src\osgPlugins\3ds\lib3ds\lib3ds_node.c(798): note: see declaration of 'c'
C:\Libraries\OSG-3.4.0\src\osgPlugins\3ds\lib3ds\lib3ds_node.c(957): warning C4456: declaration of 'c' hides previous local declaration
  C:\Libraries\OSG-3.4.0\src\osgPlugins\3ds\lib3ds\lib3ds_node.c(798): note: see declaration of 'c'
C:\Libraries\OSG-3.4.0\src\osgPlugins\3ds\lib3ds\lib3ds_node.c(964): warning C4456: declaration of 'c' hides previous local declaration
  C:\Libraries\OSG-3.4.0\src\osgPlugins\3ds\lib3ds\lib3ds_node.c(798): note: see declaration of 'c'
C:\Libraries\OSG-3.4.0\src\osgPlugins\3ds\lib3ds\lib3ds_node.c(976): warning C4456: declaration of 'c' hides previous local declaration
  C:\Libraries\OSG-3.4.0\src\osgPlugins\3ds\lib3ds\lib3ds_node.c(798): note: see declaration of 'c'
C:\Libraries\OSG-3.4.0\src\osgPlugins\3ds\lib3ds\lib3ds_node.c(988): warning C4456: declaration of 'c' hides previous local declaration
  C:\Libraries\OSG-3.4.0\src\osgPlugins\3ds\lib3ds\lib3ds_node.c(798): note: see declaration of 'c'
C:\Libraries\OSG-3.4.0\src\osgPlugins\3ds\lib3ds\lib3ds_node.c(995): warning C4456: declaration of 'c' hides previous local declaration
  C:\Libraries\OSG-3.4.0\src\osgPlugins\3ds\lib3ds\lib3ds_node.c(798): note: see declaration of 'c'
C:\Libraries\OSG-3.4.0\src\osgPlugins\3ds\lib3ds\lib3ds_node.c(1007): warning C4456: declaration of 'c' hides previous local declaration
  C:\Libraries\OSG-3.4.0\src\osgPlugins\3ds\lib3ds\lib3ds_node.c(798): note: see declaration of 'c'
C:\Libraries\OSG-3.4.0\src\osgPlugins\3ds\lib3ds\lib3ds_node.c(1014): warning C4456: declaration of 'c' hides previous local declaration
  C:\Libraries\OSG-3.4.0\src\osgPlugins\3ds\lib3ds\lib3ds_node.c(798): note: see declaration of 'c'
C:\Libraries\OSG-3.4.0\src\osgPlugins\3ds\lib3ds\lib3ds_node.c(1021): warning C4456: declaration of 'c' hides previous local declaration
  C:\Libraries\OSG-3.4.0\src\osgPlugins\3ds\lib3ds\lib3ds_node.c(798): note: see declaration of 'c'
C:\Libraries\OSG-3.4.0\src\osgPlugins\3ds\lib3ds\lib3ds_node.c(1028): warning C4456: declaration of 'c' hides previous local declaration
  C:\Libraries\OSG-3.4.0\src\osgPlugins\3ds\lib3ds\lib3ds_node.c(798): note: see declaration of 'c'
C:\Libraries\OSG-3.4.0\src\osgPlugins\3ds\lib3ds\lib3ds_node.c(1035): warning C4456: declaration of 'c' hides previous local declaration
  C:\Libraries\OSG-3.4.0\src\osgPlugins\3ds\lib3ds\lib3ds_node.c(798): note: see declaration of 'c'
C:\Libraries\OSG-3.4.0\src\osgPlugins\3ds\lib3ds\lib3ds_node.c(1047): warning C4456: declaration of 'c' hides previous local declaration
  C:\Libraries\OSG-3.4.0\src\osgPlugins\3ds\lib3ds\lib3ds_node.c(798): note: see declaration of 'c'
  lib3ds_quat.c
  lib3ds_shadow.c
  lib3ds_track.c
  lib3ds_util.c
  lib3ds_vector.c
  lib3ds_viewport.c
C:\Libraries\OSG-3.4.0\src\osgPlugins\3ds\lib3ds\lib3ds_viewport.c(170): warning C4456: declaration of 'c' hides previous local declaration
  C:\Libraries\OSG-3.4.0\src\osgPlugins\3ds\lib3ds\lib3ds_viewport.c(155): note: see declaration of 'c'
C:\Libraries\OSG-3.4.0\src\osgPlugins\3ds\lib3ds\lib3ds_viewport.c(181): warning C4456: declaration of 'c' hides previous local declaration
  C:\Libraries\OSG-3.4.0\src\osgPlugins\3ds\lib3ds\lib3ds_viewport.c(155): note: see declaration of 'c'
C:\Libraries\OSG-3.4.0\src\osgPlugins\3ds\lib3ds\lib3ds_viewport.c(211): warning C4456: declaration of 'c' hides previous local declaration
  C:\Libraries\OSG-3.4.0\src\osgPlugins\3ds\lib3ds\lib3ds_viewport.c(204): note: see declaration of 'c'
C:\Libraries\OSG-3.4.0\src\osgPlugins\3ds\lib3ds\lib3ds_viewport.c(221): warning C4456: declaration of 'c' hides previous local declaration
  C:\Libraries\OSG-3.4.0\src\osgPlugins\3ds\lib3ds\lib3ds_viewport.c(204): note: see declaration of 'c'
C:\Libraries\OSG-3.4.0\src\osgPlugins\3ds\lib3ds\lib3ds_viewport.c(231): warning C4456: declaration of 'c' hides previous local declaration
  C:\Libraries\OSG-3.4.0\src\osgPlugins\3ds\lib3ds\lib3ds_viewport.c(204): note: see declaration of 'c'
C:\Libraries\OSG-3.4.0\src\osgPlugins\3ds\lib3ds\lib3ds_viewport.c(241): warning C4456: declaration of 'c' hides previous local declaration
  C:\Libraries\OSG-3.4.0\src\osgPlugins\3ds\lib3ds\lib3ds_viewport.c(204): note: see declaration of 'c'
C:\Libraries\OSG-3.4.0\src\osgPlugins\3ds\lib3ds\lib3ds_viewport.c(251): warning C4456: declaration of 'c' hides previous local declaration
  C:\Libraries\OSG-3.4.0\src\osgPlugins\3ds\lib3ds\lib3ds_viewport.c(204): note: see declaration of 'c'
C:\Libraries\OSG-3.4.0\src\osgPlugins\3ds\lib3ds\lib3ds_viewport.c(261): warning C4456: declaration of 'c' hides previous local declaration
  C:\Libraries\OSG-3.4.0\src\osgPlugins\3ds\lib3ds\lib3ds_viewport.c(204): note: see declaration of 'c'
C:\Libraries\OSG-3.4.0\src\osgPlugins\3ds\lib3ds\lib3ds_viewport.c(271): warning C4456: declaration of 'c' hides previous local declaration
  C:\Libraries\OSG-3.4.0\src\osgPlugins\3ds\lib3ds\lib3ds_viewport.c(204): note: see declaration of 'c'
C:\Libraries\OSG-3.4.0\src\osgPlugins\3ds\lib3ds\lib3ds_viewport.c(284): warning C4456: declaration of 'c' hides previous local declaration
  C:\Libraries\OSG-3.4.0\src\osgPlugins\3ds\lib3ds\lib3ds_viewport.c(204): note: see declaration of 'c'
  Generating Code...
  osgdb_3ds.vcxproj -> C:\Libraries\OSG-3.4.0\bin\osgPlugins-3.4.0\osgdb_3dsd.dll
