  Building Custom Rule C:/Libraries/OSG-3.4.0/src/osgWrappers/serializers/osg/CMakeLists.txt
  CMake does not need to re-run because C:/Libraries/OSG-3.4.0/src/osgWrappers/serializers/osg/CMakeFiles/generate.stamp is up-to-date.
  AlphaFunc.cpp
  AnimationPath.cpp
  AnimationPathCallback.cpp
  Array.cpp
  AudioSink.cpp
  AudioStream.cpp
  AutoTransform.cpp
  Billboard.cpp
  BlendColor.cpp
  BlendEquation.cpp
  BlendEquationi.cpp
  BlendFunc.cpp
  BlendFunci.cpp
  Box.cpp
  Callback.cpp
  Camera.cpp
  CameraView.cpp
  Capsule.cpp
  ClampColor.cpp
  ClearNode.cpp
  Generating Code...
  Compiling...
  ClipControl.cpp
  ClipNode.cpp
  ClipPlane.cpp
  ClusterCullingCallback.cpp
  ColorMask.cpp
  ColorMaski.cpp
  ColorMatrix.cpp
  CompositeShape.cpp
  ComputeBoundingBoxCallback.cpp
  ComputeBoundingSphereCallback.cpp
  Cone.cpp
  ConvexHull.cpp
  ConvexPlanarOccluder.cpp
  CoordinateSystemNode.cpp
  CullFace.cpp
  Cylinder.cpp
  Depth.cpp
  DrawPixels.cpp
  Drawable.cpp
  EllipsoidModel.cpp
  Generating Code...
  Compiling...
  Fog.cpp
  FragmentProgram.cpp
  FrontFace.cpp
  Geode.cpp
  Geometry.cpp
  Group.cpp
  HeightField.cpp
  Hint.cpp
  Image.cpp
  ImageSequence.cpp
  ImageStream.cpp
  LOD.cpp
  LibraryWrapper.cpp
  Light.cpp
  LightModel.cpp
  LightSource.cpp
  LineStipple.cpp
  LineWidth.cpp
  LogicOp.cpp
  Material.cpp
  Generating Code...
  Compiling...
  MatrixTransform.cpp
  Multisample.cpp
  Node.cpp
  NodeCallback.cpp
  NodeTrackerCallback.cpp
  NodeVisitor.cpp
  Object.cpp
  OccluderNode.cpp
  OcclusionQueryNode.cpp
  PagedLOD.cpp
  PatchParameter.cpp
  Point.cpp
  PointSprite.cpp
  PolygonMode.cpp
  PolygonOffset.cpp
  PolygonStipple.cpp
  PositionAttitudeTransform.cpp
  PrimitiveRestartIndex.cpp
  PrimitiveSet.cpp
  Program.cpp
  Generating Code...
  Compiling...
  Projection.cpp
  ProxyNode.cpp
  SampleMaski.cpp
  Scissor.cpp
  Sequence.cpp
  ShadeModel.cpp
  Shader.cpp
  ShaderBinary.cpp
  Shape.cpp
  ShapeDrawable.cpp
  Sphere.cpp
  StateAttribute.cpp
  StateSet.cpp
  Stencil.cpp
  StencilTwoSided.cpp
  Switch.cpp
  TessellationHints.cpp
  TexEnv.cpp
  TexEnvCombine.cpp
  TexEnvFilter.cpp
  Generating Code...
  Compiling...
  TexGen.cpp
  TexGenNode.cpp
  TexMat.cpp
  Texture.cpp
  Texture1D.cpp
  Texture2D.cpp
  Texture2DArray.cpp
  Texture3D.cpp
  TextureCubeMap.cpp
  TextureRectangle.cpp
  TransferFunction.cpp
  TransferFunction1D.cpp
  Transform.cpp
  TriangleMesh.cpp
  Uniform.cpp
  UniformCallback.cpp
  UpdateCallback.cpp
  UserDataContainer.cpp
  ValueObject.cpp
  VertexAttribDivisor.cpp
  Generating Code...
  Compiling...
  VertexProgram.cpp
  Viewport.cpp
  Generating Code...
  osgdb_serializers_osg.vcxproj -> C:\Libraries\OSG-3.4.0\bin\osgPlugins-3.4.0\osgdb_serializers_osg.dll
