  Building Custom Rule C:/Libraries/OSG-3.4.0_64/src/osgTerrain/CMakeLists.txt
  CMake does not need to re-run because C:/Libraries/OSG-3.4.0_64/src/osgTerrain/CMakeFiles/generate.stamp is up-to-date.
  DisplacementMappingTechnique.cpp
  Layer.cpp
  Locator.cpp
  TerrainTile.cpp
C:\Libraries\OSG-3.4.0_64\src\osgTerrain\TerrainTile.cpp(339): warning C4456: declaration of 'imageLayer' hides previous local declaration
  C:\Libraries\OSG-3.4.0_64\src\osgTerrain\TerrainTile.cpp(327): note: see declaration of 'imageLayer'
C:\Libraries\OSG-3.4.0_64\src\osgTerrain\TerrainTile.cpp(360): warning C4456: declaration of 'imageLayer' hides previous local declaration
  C:\Libraries\OSG-3.4.0_64\src\osgTerrain\TerrainTile.cpp(327): note: see declaration of 'imageLayer'
C:\Libraries\OSG-3.4.0_64\src\osgTerrain\TerrainTile.cpp(390): warning C4456: declaration of 'imageLayer' hides previous local declaration
  C:\Libraries\OSG-3.4.0_64\src\osgTerrain\TerrainTile.cpp(375): note: see declaration of 'imageLayer'
C:\Libraries\OSG-3.4.0_64\src\osgTerrain\TerrainTile.cpp(404): warning C4456: declaration of 'imageLayer' hides previous local declaration
  C:\Libraries\OSG-3.4.0_64\src\osgTerrain\TerrainTile.cpp(375): note: see declaration of 'imageLayer'
C:\Libraries\OSG-3.4.0_64\src\osgTerrain\TerrainTile.cpp(436): warning C4456: declaration of 'imageLayer' hides previous local declaration
  C:\Libraries\OSG-3.4.0_64\src\osgTerrain\TerrainTile.cpp(420): note: see declaration of 'imageLayer'
C:\Libraries\OSG-3.4.0_64\src\osgTerrain\TerrainTile.cpp(464): warning C4456: declaration of 'imageLayer' hides previous local declaration
  C:\Libraries\OSG-3.4.0_64\src\osgTerrain\TerrainTile.cpp(420): note: see declaration of 'imageLayer'
  TerrainTechnique.cpp
  Terrain.cpp
  GeometryTechnique.cpp
  GeometryPool.cpp
C:\Libraries\OSG-3.4.0_64\src\osgTerrain\GeometryPool.cpp(367): warning C4456: declaration of 'bottom_left' hides previous local declaration
  C:\Libraries\OSG-3.4.0_64\src\osgTerrain\GeometryPool.cpp(170): note: see declaration of 'bottom_left'
C:\Libraries\OSG-3.4.0_64\src\osgTerrain\GeometryPool.cpp(386): warning C4456: declaration of 'em' hides previous local declaration
  C:\Libraries\OSG-3.4.0_64\src\osgTerrain\GeometryPool.cpp(178): note: see declaration of 'em'
C:\Libraries\OSG-3.4.0_64\src\osgTerrain\GeometryPool.cpp(413): warning C4456: declaration of 'pos' hides previous local declaration
  C:\Libraries\OSG-3.4.0_64\src\osgTerrain\GeometryPool.cpp(152): note: see declaration of 'pos'
C:\Libraries\OSG-3.4.0_64\src\osgTerrain\GeometryPool.cpp(430): warning C4456: declaration of 'normal' hides previous local declaration
  C:\Libraries\OSG-3.4.0_64\src\osgTerrain\GeometryPool.cpp(153): note: see declaration of 'normal'
C:\Libraries\OSG-3.4.0_64\src\osgTerrain\GeometryPool.cpp(581): warning C4456: declaration of 'itr' hides previous local declaration
  C:\Libraries\OSG-3.4.0_64\src\osgTerrain\GeometryPool.cpp(570): note: see declaration of 'itr'
  Version.cpp
  Generating Code...
     Creating library C:/Libraries/OSG-3.4.0_64/lib/osgTerrain.lib and object C:/Libraries/OSG-3.4.0_64/lib/osgTerrain.exp
  osgTerrain.vcxproj -> C:\Libraries\OSG-3.4.0_64\bin\osg130-osgTerrain.dll
