  TXPArchive.cpp
C:\Libraries\OSG-3.4.0\src\osgPlugins\txp\trpage_geom.h(210): warning C4458: declaration of 'rows' hides class member
  C:\Libraries\OSG-3.4.0\src\osgPlugins\txp\trpage_geom.h(233): note: see declaration of 'trpgHeader::rows'
C:\Libraries\OSG-3.4.0\src\osgPlugins\txp\trpage_geom.h(210): warning C4458: declaration of 'cols' hides class member
  C:\Libraries\OSG-3.4.0\src\osgPlugins\txp\trpage_geom.h(234): note: see declaration of 'trpgHeader::cols'
C:\Libraries\OSG-3.4.0\src\osgPlugins\txp\trpage_geom.h(215): warning C4458: declaration of 'rows' hides class member
  C:\Libraries\OSG-3.4.0\src\osgPlugins\txp\trpage_geom.h(233): note: see declaration of 'trpgHeader::rows'
C:\Libraries\OSG-3.4.0\src\osgPlugins\txp\trpage_geom.h(215): warning C4458: declaration of 'cols' hides class member
  C:\Libraries\OSG-3.4.0\src\osgPlugins\txp\trpage_geom.h(234): note: see declaration of 'trpgHeader::cols'
C:\Libraries\OSG-3.4.0\src\osgPlugins\txp\trpage_geom.h(1963): warning C4458: declaration of 'row' hides class member
  C:\Libraries\OSG-3.4.0\src\osgPlugins\txp\trpage_geom.h(1980): note: see declaration of 'trpgTileHeader::row'
C:\Libraries\OSG-3.4.0\src\osgPlugins\txp\trpage_geom.h(1963): warning C4458: declaration of 'col' hides class member
  C:\Libraries\OSG-3.4.0\src\osgPlugins\txp\trpage_geom.h(1981): note: see declaration of 'trpgTileHeader::col'
C:\Libraries\OSG-3.4.0\src\osgPlugins\txp\trpage_geom.h(1968): warning C4458: declaration of 'row' hides class member
  C:\Libraries\OSG-3.4.0\src\osgPlugins\txp\trpage_geom.h(1980): note: see declaration of 'trpgTileHeader::row'
C:\Libraries\OSG-3.4.0\src\osgPlugins\txp\trpage_geom.h(1968): warning C4458: declaration of 'col' hides class member
  C:\Libraries\OSG-3.4.0\src\osgPlugins\txp\trpage_geom.h(1981): note: see declaration of 'trpgTileHeader::col'
c:\libraries\osg-3.4.0\src\osgplugins\txp\trpage_read.h(165): warning C4458: declaration of 'texTable' hides class member
  c:\libraries\osg-3.4.0\src\osgplugins\txp\trpage_read.h(173): note: see declaration of 'trpgrImageHelper::texTable'
C:\Libraries\OSG-3.4.0\src\osgPlugins\txp\TXPArchive.cpp(125): warning C4458: declaration of 'header' hides class member
  c:\libraries\osg-3.4.0\src\osgplugins\txp\trpage_read.h(233): note: see declaration of 'trpgr_Archive::header'
C:\Libraries\OSG-3.4.0\src\osgPlugins\txp\TXPArchive.cpp(592): warning C4458: declaration of 'textStyleTable' hides class member
  c:\libraries\osg-3.4.0\src\osgplugins\txp\trpage_read.h(240): note: see declaration of 'trpgr_Archive::textStyleTable'
C:\Libraries\OSG-3.4.0\src\osgPlugins\txp\TXPArchive.cpp(672): warning C4458: declaration of 'handle' hides class member
  C:\Libraries\OSG-3.4.0\src\osgPlugins\txp\trpage_io.h(580): note: see declaration of 'trpgCheckable::handle'
C:\Libraries\OSG-3.4.0\src\osgPlugins\txp\TXPArchive.cpp(801): warning C4456: declaration of 'tileID' hides previous local declaration
  C:\Libraries\OSG-3.4.0\src\osgPlugins\txp\TXPArchive.cpp(787): note: see declaration of 'tileID'
C:\Libraries\OSG-3.4.0\src\osgPlugins\txp\TXPArchive.cpp(872): warning C4457: declaration of 'loc' hides function parameter
  C:\Libraries\OSG-3.4.0\src\osgPlugins\txp\TXPArchive.cpp(818): note: see declaration of 'loc'
  TXPIO.cpp
C:\Libraries\OSG-3.4.0\src\osgPlugins\txp\trpage_geom.h(210): warning C4458: declaration of 'rows' hides class member
  C:\Libraries\OSG-3.4.0\src\osgPlugins\txp\trpage_geom.h(233): note: see declaration of 'trpgHeader::rows'
C:\Libraries\OSG-3.4.0\src\osgPlugins\txp\trpage_geom.h(210): warning C4458: declaration of 'cols' hides class member
  C:\Libraries\OSG-3.4.0\src\osgPlugins\txp\trpage_geom.h(234): note: see declaration of 'trpgHeader::cols'
C:\Libraries\OSG-3.4.0\src\osgPlugins\txp\trpage_geom.h(215): warning C4458: declaration of 'rows' hides class member
  C:\Libraries\OSG-3.4.0\src\osgPlugins\txp\trpage_geom.h(233): note: see declaration of 'trpgHeader::rows'
C:\Libraries\OSG-3.4.0\src\osgPlugins\txp\trpage_geom.h(215): warning C4458: declaration of 'cols' hides class member
  C:\Libraries\OSG-3.4.0\src\osgPlugins\txp\trpage_geom.h(234): note: see declaration of 'trpgHeader::cols'
C:\Libraries\OSG-3.4.0\src\osgPlugins\txp\trpage_geom.h(1963): warning C4458: declaration of 'row' hides class member
  C:\Libraries\OSG-3.4.0\src\osgPlugins\txp\trpage_geom.h(1980): note: see declaration of 'trpgTileHeader::row'
C:\Libraries\OSG-3.4.0\src\osgPlugins\txp\trpage_geom.h(1963): warning C4458: declaration of 'col' hides class member
  C:\Libraries\OSG-3.4.0\src\osgPlugins\txp\trpage_geom.h(1981): note: see declaration of 'trpgTileHeader::col'
C:\Libraries\OSG-3.4.0\src\osgPlugins\txp\trpage_geom.h(1968): warning C4458: declaration of 'row' hides class member
  C:\Libraries\OSG-3.4.0\src\osgPlugins\txp\trpage_geom.h(1980): note: see declaration of 'trpgTileHeader::row'
C:\Libraries\OSG-3.4.0\src\osgPlugins\txp\trpage_geom.h(1968): warning C4458: declaration of 'col' hides class member
  C:\Libraries\OSG-3.4.0\src\osgPlugins\txp\trpage_geom.h(1981): note: see declaration of 'trpgTileHeader::col'
c:\libraries\osg-3.4.0\src\osgplugins\txp\trpage_read.h(165): warning C4458: declaration of 'texTable' hides class member
  c:\libraries\osg-3.4.0\src\osgplugins\txp\trpage_read.h(173): note: see declaration of 'trpgrImageHelper::texTable'
  TXPNode.cpp
C:\Libraries\OSG-3.4.0\src\osgPlugins\txp\trpage_geom.h(210): warning C4458: declaration of 'rows' hides class member
  C:\Libraries\OSG-3.4.0\src\osgPlugins\txp\trpage_geom.h(233): note: see declaration of 'trpgHeader::rows'
C:\Libraries\OSG-3.4.0\src\osgPlugins\txp\trpage_geom.h(210): warning C4458: declaration of 'cols' hides class member
  C:\Libraries\OSG-3.4.0\src\osgPlugins\txp\trpage_geom.h(234): note: see declaration of 'trpgHeader::cols'
C:\Libraries\OSG-3.4.0\src\osgPlugins\txp\trpage_geom.h(215): warning C4458: declaration of 'rows' hides class member
  C:\Libraries\OSG-3.4.0\src\osgPlugins\txp\trpage_geom.h(233): note: see declaration of 'trpgHeader::rows'
C:\Libraries\OSG-3.4.0\src\osgPlugins\txp\trpage_geom.h(215): warning C4458: declaration of 'cols' hides class member
  C:\Libraries\OSG-3.4.0\src\osgPlugins\txp\trpage_geom.h(234): note: see declaration of 'trpgHeader::cols'
C:\Libraries\OSG-3.4.0\src\osgPlugins\txp\trpage_geom.h(1963): warning C4458: declaration of 'row' hides class member
  C:\Libraries\OSG-3.4.0\src\osgPlugins\txp\trpage_geom.h(1980): note: see declaration of 'trpgTileHeader::row'
C:\Libraries\OSG-3.4.0\src\osgPlugins\txp\trpage_geom.h(1963): warning C4458: declaration of 'col' hides class member
  C:\Libraries\OSG-3.4.0\src\osgPlugins\txp\trpage_geom.h(1981): note: see declaration of 'trpgTileHeader::col'
C:\Libraries\OSG-3.4.0\src\osgPlugins\txp\trpage_geom.h(1968): warning C4458: declaration of 'row' hides class member
  C:\Libraries\OSG-3.4.0\src\osgPlugins\txp\trpage_geom.h(1980): note: see declaration of 'trpgTileHeader::row'
C:\Libraries\OSG-3.4.0\src\osgPlugins\txp\trpage_geom.h(1968): warning C4458: declaration of 'col' hides class member
  C:\Libraries\OSG-3.4.0\src\osgPlugins\txp\trpage_geom.h(1981): note: see declaration of 'trpgTileHeader::col'
c:\libraries\osg-3.4.0\src\osgplugins\txp\trpage_read.h(165): warning C4458: declaration of 'texTable' hides class member
  c:\libraries\osg-3.4.0\src\osgplugins\txp\trpage_read.h(173): note: see declaration of 'trpgrImageHelper::texTable'
  TXPPageManager.cpp
C:\Libraries\OSG-3.4.0\src\osgPlugins\txp\trpage_geom.h(210): warning C4458: declaration of 'rows' hides class member
  C:\Libraries\OSG-3.4.0\src\osgPlugins\txp\trpage_geom.h(233): note: see declaration of 'trpgHeader::rows'
C:\Libraries\OSG-3.4.0\src\osgPlugins\txp\trpage_geom.h(210): warning C4458: declaration of 'cols' hides class member
  C:\Libraries\OSG-3.4.0\src\osgPlugins\txp\trpage_geom.h(234): note: see declaration of 'trpgHeader::cols'
C:\Libraries\OSG-3.4.0\src\osgPlugins\txp\trpage_geom.h(215): warning C4458: declaration of 'rows' hides class member
  C:\Libraries\OSG-3.4.0\src\osgPlugins\txp\trpage_geom.h(233): note: see declaration of 'trpgHeader::rows'
C:\Libraries\OSG-3.4.0\src\osgPlugins\txp\trpage_geom.h(215): warning C4458: declaration of 'cols' hides class member
  C:\Libraries\OSG-3.4.0\src\osgPlugins\txp\trpage_geom.h(234): note: see declaration of 'trpgHeader::cols'
C:\Libraries\OSG-3.4.0\src\osgPlugins\txp\trpage_geom.h(1963): warning C4458: declaration of 'row' hides class member
  C:\Libraries\OSG-3.4.0\src\osgPlugins\txp\trpage_geom.h(1980): note: see declaration of 'trpgTileHeader::row'
C:\Libraries\OSG-3.4.0\src\osgPlugins\txp\trpage_geom.h(1963): warning C4458: declaration of 'col' hides class member
  C:\Libraries\OSG-3.4.0\src\osgPlugins\txp\trpage_geom.h(1981): note: see declaration of 'trpgTileHeader::col'
C:\Libraries\OSG-3.4.0\src\osgPlugins\txp\trpage_geom.h(1968): warning C4458: declaration of 'row' hides class member
  C:\Libraries\OSG-3.4.0\src\osgPlugins\txp\trpage_geom.h(1980): note: see declaration of 'trpgTileHeader::row'
C:\Libraries\OSG-3.4.0\src\osgPlugins\txp\trpage_geom.h(1968): warning C4458: declaration of 'col' hides class member
  C:\Libraries\OSG-3.4.0\src\osgPlugins\txp\trpage_geom.h(1981): note: see declaration of 'trpgTileHeader::col'
c:\libraries\osg-3.4.0\src\osgplugins\txp\trpage_read.h(165): warning C4458: declaration of 'texTable' hides class member
  c:\libraries\osg-3.4.0\src\osgplugins\txp\trpage_read.h(173): note: see declaration of 'trpgrImageHelper::texTable'
  TXPPagedLOD.cpp
C:\Libraries\OSG-3.4.0\src\osgPlugins\txp\trpage_geom.h(210): warning C4458: declaration of 'rows' hides class member
  C:\Libraries\OSG-3.4.0\src\osgPlugins\txp\trpage_geom.h(233): note: see declaration of 'trpgHeader::rows'
C:\Libraries\OSG-3.4.0\src\osgPlugins\txp\trpage_geom.h(210): warning C4458: declaration of 'cols' hides class member
  C:\Libraries\OSG-3.4.0\src\osgPlugins\txp\trpage_geom.h(234): note: see declaration of 'trpgHeader::cols'
C:\Libraries\OSG-3.4.0\src\osgPlugins\txp\trpage_geom.h(215): warning C4458: declaration of 'rows' hides class member
  C:\Libraries\OSG-3.4.0\src\osgPlugins\txp\trpage_geom.h(233): note: see declaration of 'trpgHeader::rows'
C:\Libraries\OSG-3.4.0\src\osgPlugins\txp\trpage_geom.h(215): warning C4458: declaration of 'cols' hides class member
  C:\Libraries\OSG-3.4.0\src\osgPlugins\txp\trpage_geom.h(234): note: see declaration of 'trpgHeader::cols'
C:\Libraries\OSG-3.4.0\src\osgPlugins\txp\trpage_geom.h(1963): warning C4458: declaration of 'row' hides class member
  C:\Libraries\OSG-3.4.0\src\osgPlugins\txp\trpage_geom.h(1980): note: see declaration of 'trpgTileHeader::row'
C:\Libraries\OSG-3.4.0\src\osgPlugins\txp\trpage_geom.h(1963): warning C4458: declaration of 'col' hides class member
  C:\Libraries\OSG-3.4.0\src\osgPlugins\txp\trpage_geom.h(1981): note: see declaration of 'trpgTileHeader::col'
C:\Libraries\OSG-3.4.0\src\osgPlugins\txp\trpage_geom.h(1968): warning C4458: declaration of 'row' hides class member
  C:\Libraries\OSG-3.4.0\src\osgPlugins\txp\trpage_geom.h(1980): note: see declaration of 'trpgTileHeader::row'
C:\Libraries\OSG-3.4.0\src\osgPlugins\txp\trpage_geom.h(1968): warning C4458: declaration of 'col' hides class member
  C:\Libraries\OSG-3.4.0\src\osgPlugins\txp\trpage_geom.h(1981): note: see declaration of 'trpgTileHeader::col'
c:\libraries\osg-3.4.0\src\osgplugins\txp\trpage_read.h(165): warning C4458: declaration of 'texTable' hides class member
  c:\libraries\osg-3.4.0\src\osgplugins\txp\trpage_read.h(173): note: see declaration of 'trpgrImageHelper::texTable'
  TXPParser.cpp
C:\Libraries\OSG-3.4.0\src\osgPlugins\txp\trpage_geom.h(210): warning C4458: declaration of 'rows' hides class member
  C:\Libraries\OSG-3.4.0\src\osgPlugins\txp\trpage_geom.h(233): note: see declaration of 'trpgHeader::rows'
C:\Libraries\OSG-3.4.0\src\osgPlugins\txp\trpage_geom.h(210): warning C4458: declaration of 'cols' hides class member
  C:\Libraries\OSG-3.4.0\src\osgPlugins\txp\trpage_geom.h(234): note: see declaration of 'trpgHeader::cols'
C:\Libraries\OSG-3.4.0\src\osgPlugins\txp\trpage_geom.h(215): warning C4458: declaration of 'rows' hides class member
  C:\Libraries\OSG-3.4.0\src\osgPlugins\txp\trpage_geom.h(233): note: see declaration of 'trpgHeader::rows'
C:\Libraries\OSG-3.4.0\src\osgPlugins\txp\trpage_geom.h(215): warning C4458: declaration of 'cols' hides class member
  C:\Libraries\OSG-3.4.0\src\osgPlugins\txp\trpage_geom.h(234): note: see declaration of 'trpgHeader::cols'
C:\Libraries\OSG-3.4.0\src\osgPlugins\txp\trpage_geom.h(1963): warning C4458: declaration of 'row' hides class member
  C:\Libraries\OSG-3.4.0\src\osgPlugins\txp\trpage_geom.h(1980): note: see declaration of 'trpgTileHeader::row'
C:\Libraries\OSG-3.4.0\src\osgPlugins\txp\trpage_geom.h(1963): warning C4458: declaration of 'col' hides class member
  C:\Libraries\OSG-3.4.0\src\osgPlugins\txp\trpage_geom.h(1981): note: see declaration of 'trpgTileHeader::col'
C:\Libraries\OSG-3.4.0\src\osgPlugins\txp\trpage_geom.h(1968): warning C4458: declaration of 'row' hides class member
  C:\Libraries\OSG-3.4.0\src\osgPlugins\txp\trpage_geom.h(1980): note: see declaration of 'trpgTileHeader::row'
C:\Libraries\OSG-3.4.0\src\osgPlugins\txp\trpage_geom.h(1968): warning C4458: declaration of 'col' hides class member
  C:\Libraries\OSG-3.4.0\src\osgPlugins\txp\trpage_geom.h(1981): note: see declaration of 'trpgTileHeader::col'
c:\libraries\osg-3.4.0\src\osgplugins\txp\trpage_read.h(165): warning C4458: declaration of 'texTable' hides class member
  c:\libraries\osg-3.4.0\src\osgplugins\txp\trpage_read.h(173): note: see declaration of 'trpgrImageHelper::texTable'
C:\Libraries\OSG-3.4.0\src\osgPlugins\txp\TXPParser.cpp(316): warning C4458: declaration of 'parents' hides class member
  c:\libraries\osg-3.4.0\src\osgplugins\txp\trpage_read.h(270): note: see declaration of 'trpgSceneParser::parents'
  TXPSeamLOD.cpp
C:\Libraries\OSG-3.4.0\src\osgPlugins\txp\trpage_geom.h(210): warning C4458: declaration of 'rows' hides class member
  C:\Libraries\OSG-3.4.0\src\osgPlugins\txp\trpage_geom.h(233): note: see declaration of 'trpgHeader::rows'
C:\Libraries\OSG-3.4.0\src\osgPlugins\txp\trpage_geom.h(210): warning C4458: declaration of 'cols' hides class member
  C:\Libraries\OSG-3.4.0\src\osgPlugins\txp\trpage_geom.h(234): note: see declaration of 'trpgHeader::cols'
C:\Libraries\OSG-3.4.0\src\osgPlugins\txp\trpage_geom.h(215): warning C4458: declaration of 'rows' hides class member
  C:\Libraries\OSG-3.4.0\src\osgPlugins\txp\trpage_geom.h(233): note: see declaration of 'trpgHeader::rows'
C:\Libraries\OSG-3.4.0\src\osgPlugins\txp\trpage_geom.h(215): warning C4458: declaration of 'cols' hides class member
  C:\Libraries\OSG-3.4.0\src\osgPlugins\txp\trpage_geom.h(234): note: see declaration of 'trpgHeader::cols'
C:\Libraries\OSG-3.4.0\src\osgPlugins\txp\trpage_geom.h(1963): warning C4458: declaration of 'row' hides class member
  C:\Libraries\OSG-3.4.0\src\osgPlugins\txp\trpage_geom.h(1980): note: see declaration of 'trpgTileHeader::row'
C:\Libraries\OSG-3.4.0\src\osgPlugins\txp\trpage_geom.h(1963): warning C4458: declaration of 'col' hides class member
  C:\Libraries\OSG-3.4.0\src\osgPlugins\txp\trpage_geom.h(1981): note: see declaration of 'trpgTileHeader::col'
C:\Libraries\OSG-3.4.0\src\osgPlugins\txp\trpage_geom.h(1968): warning C4458: declaration of 'row' hides class member
  C:\Libraries\OSG-3.4.0\src\osgPlugins\txp\trpage_geom.h(1980): note: see declaration of 'trpgTileHeader::row'
C:\Libraries\OSG-3.4.0\src\osgPlugins\txp\trpage_geom.h(1968): warning C4458: declaration of 'col' hides class member
  C:\Libraries\OSG-3.4.0\src\osgPlugins\txp\trpage_geom.h(1981): note: see declaration of 'trpgTileHeader::col'
c:\libraries\osg-3.4.0\src\osgplugins\txp\trpage_read.h(165): warning C4458: declaration of 'texTable' hides class member
  c:\libraries\osg-3.4.0\src\osgplugins\txp\trpage_read.h(173): note: see declaration of 'trpgrImageHelper::texTable'
  trpage_scene.cpp
C:\Libraries\OSG-3.4.0\src\osgPlugins\txp\trpage_geom.h(210): warning C4458: declaration of 'rows' hides class member
  C:\Libraries\OSG-3.4.0\src\osgPlugins\txp\trpage_geom.h(233): note: see declaration of 'trpgHeader::rows'
C:\Libraries\OSG-3.4.0\src\osgPlugins\txp\trpage_geom.h(210): warning C4458: declaration of 'cols' hides class member
  C:\Libraries\OSG-3.4.0\src\osgPlugins\txp\trpage_geom.h(234): note: see declaration of 'trpgHeader::cols'
C:\Libraries\OSG-3.4.0\src\osgPlugins\txp\trpage_geom.h(215): warning C4458: declaration of 'rows' hides class member
  C:\Libraries\OSG-3.4.0\src\osgPlugins\txp\trpage_geom.h(233): note: see declaration of 'trpgHeader::rows'
C:\Libraries\OSG-3.4.0\src\osgPlugins\txp\trpage_geom.h(215): warning C4458: declaration of 'cols' hides class member
  C:\Libraries\OSG-3.4.0\src\osgPlugins\txp\trpage_geom.h(234): note: see declaration of 'trpgHeader::cols'
C:\Libraries\OSG-3.4.0\src\osgPlugins\txp\trpage_geom.h(1963): warning C4458: declaration of 'row' hides class member
  C:\Libraries\OSG-3.4.0\src\osgPlugins\txp\trpage_geom.h(1980): note: see declaration of 'trpgTileHeader::row'
C:\Libraries\OSG-3.4.0\src\osgPlugins\txp\trpage_geom.h(1963): warning C4458: declaration of 'col' hides class member
  C:\Libraries\OSG-3.4.0\src\osgPlugins\txp\trpage_geom.h(1981): note: see declaration of 'trpgTileHeader::col'
C:\Libraries\OSG-3.4.0\src\osgPlugins\txp\trpage_geom.h(1968): warning C4458: declaration of 'row' hides class member
  C:\Libraries\OSG-3.4.0\src\osgPlugins\txp\trpage_geom.h(1980): note: see declaration of 'trpgTileHeader::row'
C:\Libraries\OSG-3.4.0\src\osgPlugins\txp\trpage_geom.h(1968): warning C4458: declaration of 'col' hides class member
  C:\Libraries\OSG-3.4.0\src\osgPlugins\txp\trpage_geom.h(1981): note: see declaration of 'trpgTileHeader::col'
C:\Libraries\OSG-3.4.0\src\osgPlugins\txp\trpage_read.h(165): warning C4458: declaration of 'texTable' hides class member
  C:\Libraries\OSG-3.4.0\src\osgPlugins\txp\trpage_read.h(173): note: see declaration of 'trpgrImageHelper::texTable'
  trpage_swap.cpp
  trpage_tile.cpp
C:\Libraries\OSG-3.4.0\src\osgPlugins\txp\trpage_geom.h(210): warning C4458: declaration of 'rows' hides class member
  C:\Libraries\OSG-3.4.0\src\osgPlugins\txp\trpage_geom.h(233): note: see declaration of 'trpgHeader::rows'
C:\Libraries\OSG-3.4.0\src\osgPlugins\txp\trpage_geom.h(210): warning C4458: declaration of 'cols' hides class member
  C:\Libraries\OSG-3.4.0\src\osgPlugins\txp\trpage_geom.h(234): note: see declaration of 'trpgHeader::cols'
C:\Libraries\OSG-3.4.0\src\osgPlugins\txp\trpage_geom.h(215): warning C4458: declaration of 'rows' hides class member
  C:\Libraries\OSG-3.4.0\src\osgPlugins\txp\trpage_geom.h(233): note: see declaration of 'trpgHeader::rows'
C:\Libraries\OSG-3.4.0\src\osgPlugins\txp\trpage_geom.h(215): warning C4458: declaration of 'cols' hides class member
  C:\Libraries\OSG-3.4.0\src\osgPlugins\txp\trpage_geom.h(234): note: see declaration of 'trpgHeader::cols'
C:\Libraries\OSG-3.4.0\src\osgPlugins\txp\trpage_geom.h(1963): warning C4458: declaration of 'row' hides class member
  C:\Libraries\OSG-3.4.0\src\osgPlugins\txp\trpage_geom.h(1980): note: see declaration of 'trpgTileHeader::row'
C:\Libraries\OSG-3.4.0\src\osgPlugins\txp\trpage_geom.h(1963): warning C4458: declaration of 'col' hides class member
  C:\Libraries\OSG-3.4.0\src\osgPlugins\txp\trpage_geom.h(1981): note: see declaration of 'trpgTileHeader::col'
C:\Libraries\OSG-3.4.0\src\osgPlugins\txp\trpage_geom.h(1968): warning C4458: declaration of 'row' hides class member
  C:\Libraries\OSG-3.4.0\src\osgPlugins\txp\trpage_geom.h(1980): note: see declaration of 'trpgTileHeader::row'
C:\Libraries\OSG-3.4.0\src\osgPlugins\txp\trpage_geom.h(1968): warning C4458: declaration of 'col' hides class member
  C:\Libraries\OSG-3.4.0\src\osgPlugins\txp\trpage_geom.h(1981): note: see declaration of 'trpgTileHeader::col'
C:\Libraries\OSG-3.4.0\src\osgPlugins\txp\trpage_read.h(165): warning C4458: declaration of 'texTable' hides class member
  C:\Libraries\OSG-3.4.0\src\osgPlugins\txp\trpage_read.h(173): note: see declaration of 'trpgrImageHelper::texTable'
  trpage_util.cpp
C:\Libraries\OSG-3.4.0\src\osgPlugins\txp\trpage_geom.h(210): warning C4458: declaration of 'rows' hides class member
  C:\Libraries\OSG-3.4.0\src\osgPlugins\txp\trpage_geom.h(233): note: see declaration of 'trpgHeader::rows'
C:\Libraries\OSG-3.4.0\src\osgPlugins\txp\trpage_geom.h(210): warning C4458: declaration of 'cols' hides class member
  C:\Libraries\OSG-3.4.0\src\osgPlugins\txp\trpage_geom.h(234): note: see declaration of 'trpgHeader::cols'
C:\Libraries\OSG-3.4.0\src\osgPlugins\txp\trpage_geom.h(215): warning C4458: declaration of 'rows' hides class member
  C:\Libraries\OSG-3.4.0\src\osgPlugins\txp\trpage_geom.h(233): note: see declaration of 'trpgHeader::rows'
C:\Libraries\OSG-3.4.0\src\osgPlugins\txp\trpage_geom.h(215): warning C4458: declaration of 'cols' hides class member
  C:\Libraries\OSG-3.4.0\src\osgPlugins\txp\trpage_geom.h(234): note: see declaration of 'trpgHeader::cols'
C:\Libraries\OSG-3.4.0\src\osgPlugins\txp\trpage_geom.h(1963): warning C4458: declaration of 'row' hides class member
  C:\Libraries\OSG-3.4.0\src\osgPlugins\txp\trpage_geom.h(1980): note: see declaration of 'trpgTileHeader::row'
C:\Libraries\OSG-3.4.0\src\osgPlugins\txp\trpage_geom.h(1963): warning C4458: declaration of 'col' hides class member
  C:\Libraries\OSG-3.4.0\src\osgPlugins\txp\trpage_geom.h(1981): note: see declaration of 'trpgTileHeader::col'
C:\Libraries\OSG-3.4.0\src\osgPlugins\txp\trpage_geom.h(1968): warning C4458: declaration of 'row' hides class member
  C:\Libraries\OSG-3.4.0\src\osgPlugins\txp\trpage_geom.h(1980): note: see declaration of 'trpgTileHeader::row'
C:\Libraries\OSG-3.4.0\src\osgPlugins\txp\trpage_geom.h(1968): warning C4458: declaration of 'col' hides class member
  C:\Libraries\OSG-3.4.0\src\osgPlugins\txp\trpage_geom.h(1981): note: see declaration of 'trpgTileHeader::col'
C:\Libraries\OSG-3.4.0\src\osgPlugins\txp\trpage_read.h(165): warning C4458: declaration of 'texTable' hides class member
  C:\Libraries\OSG-3.4.0\src\osgPlugins\txp\trpage_read.h(173): note: see declaration of 'trpgrImageHelper::texTable'
  trpage_warchive.cpp
C:\Libraries\OSG-3.4.0\src\osgPlugins\txp\trpage_geom.h(210): warning C4458: declaration of 'rows' hides class member
  C:\Libraries\OSG-3.4.0\src\osgPlugins\txp\trpage_geom.h(233): note: see declaration of 'trpgHeader::rows'
C:\Libraries\OSG-3.4.0\src\osgPlugins\txp\trpage_geom.h(210): warning C4458: declaration of 'cols' hides class member
  C:\Libraries\OSG-3.4.0\src\osgPlugins\txp\trpage_geom.h(234): note: see declaration of 'trpgHeader::cols'
C:\Libraries\OSG-3.4.0\src\osgPlugins\txp\trpage_geom.h(215): warning C4458: declaration of 'rows' hides class member
  C:\Libraries\OSG-3.4.0\src\osgPlugins\txp\trpage_geom.h(233): note: see declaration of 'trpgHeader::rows'
C:\Libraries\OSG-3.4.0\src\osgPlugins\txp\trpage_geom.h(215): warning C4458: declaration of 'cols' hides class member
  C:\Libraries\OSG-3.4.0\src\osgPlugins\txp\trpage_geom.h(234): note: see declaration of 'trpgHeader::cols'
C:\Libraries\OSG-3.4.0\src\osgPlugins\txp\trpage_geom.h(1963): warning C4458: declaration of 'row' hides class member
  C:\Libraries\OSG-3.4.0\src\osgPlugins\txp\trpage_geom.h(1980): note: see declaration of 'trpgTileHeader::row'
C:\Libraries\OSG-3.4.0\src\osgPlugins\txp\trpage_geom.h(1963): warning C4458: declaration of 'col' hides class member
  C:\Libraries\OSG-3.4.0\src\osgPlugins\txp\trpage_geom.h(1981): note: see declaration of 'trpgTileHeader::col'
C:\Libraries\OSG-3.4.0\src\osgPlugins\txp\trpage_geom.h(1968): warning C4458: declaration of 'row' hides class member
  C:\Libraries\OSG-3.4.0\src\osgPlugins\txp\trpage_geom.h(1980): note: see declaration of 'trpgTileHeader::row'
C:\Libraries\OSG-3.4.0\src\osgPlugins\txp\trpage_geom.h(1968): warning C4458: declaration of 'col' hides class member
  C:\Libraries\OSG-3.4.0\src\osgPlugins\txp\trpage_geom.h(1981): note: see declaration of 'trpgTileHeader::col'
C:\Libraries\OSG-3.4.0\src\osgPlugins\txp\trpage_read.h(165): warning C4458: declaration of 'texTable' hides class member
  C:\Libraries\OSG-3.4.0\src\osgPlugins\txp\trpage_read.h(173): note: see declaration of 'trpgrImageHelper::texTable'
C:\Libraries\OSG-3.4.0\src\osgPlugins\txp\trpage_warchive.cpp(533): warning C4458: declaration of 'numLod' hides class member
  C:\Libraries\OSG-3.4.0\src\osgPlugins\txp\trpage_write.h(337): note: see declaration of 'trpgwArchive::numLod'
C:\Libraries\OSG-3.4.0\src\osgPlugins\txp\trpage_warchive.cpp(746): warning C4458: declaration of 'ness' hides class member
  C:\Libraries\OSG-3.4.0\src\osgPlugins\txp\trpage_write.h(317): note: see declaration of 'trpgwArchive::ness'
C:\Libraries\OSG-3.4.0\src\osgPlugins\txp\trpage_warchive.cpp(746): warning C4458: declaration of 'dir' hides class member
  C:\Libraries\OSG-3.4.0\src\osgPlugins\txp\trpage_write.h(320): note: see declaration of 'trpgwArchive::dir'
C:\Libraries\OSG-3.4.0\src\osgPlugins\txp\trpage_warchive.cpp(1379): warning C4458: declaration of 'separateGeoTypical' hides class member
  C:\Libraries\OSG-3.4.0\src\osgPlugins\txp\trpage_write.h(225): note: see declaration of 'trpgwImageHelper::separateGeoTypical'
  trpage_writebuf.cpp
  Generating Code...
  osgdb_txp.vcxproj -> C:\Libraries\OSG-3.4.0\bin\osgPlugins-3.4.0\osgdb_txpd.dll
